{
  "stats": {
    "suites": 4,
    "tests": 25,
    "passes": 21,
    "pending": 0,
    "failures": 4,
    "testsRegistered": 25,
    "passPercent": 84,
    "pendingPercent": 0,
    "other": 0,
    "hasOther": false,
    "skipped": 0,
    "hasSkipped": false,
    "start": "2023-03-19T20:17:21.853Z",
    "end": "2023-03-19T20:19:12.676Z",
    "duration": 110823
  },
  "results": [
    {
      "uuid": "04f48072-327c-40f2-ada2-907084eb53d5",
      "title": "",
      "fullFile": "cypress\\e2e\\02_login.spec.js",
      "file": "cypress\\e2e\\02_login.spec.js",
      "beforeHooks": [],
      "afterHooks": [],
      "tests": [],
      "suites": [
        {
          "uuid": "dc46c5e9-0e0c-49d5-a560-7f09cf94bde9",
          "title": "Login page test",
          "fullFile": "",
          "file": "",
          "beforeHooks": [],
          "afterHooks": [],
          "tests": [],
          "suites": [
            {
              "uuid": "1c914f46-8a1b-4192-a79c-5c5442104c2c",
              "title": "Url Test",
              "fullFile": "",
              "file": "",
              "beforeHooks": [],
              "afterHooks": [],
              "tests": [
                {
                  "title": "Verify URL of the login page",
                  "fullTitle": "Login page test Url Test Verify URL of the login page",
                  "timedOut": null,
                  "duration": 3077,
                  "state": "passed",
                  "speed": "fast",
                  "pass": true,
                  "fail": false,
                  "pending": false,
                  "context": null,
                  "code": "cy.url().should('include', 'login');",
                  "err": {},
                  "uuid": "990723cc-f300-461c-af36-faeb8f82c962",
                  "parentUUID": "1c914f46-8a1b-4192-a79c-5c5442104c2c",
                  "isHook": false,
                  "skipped": false
                }
              ],
              "suites": [],
              "passes": [
                "990723cc-f300-461c-af36-faeb8f82c962"
              ],
              "failures": [],
              "pending": [],
              "skipped": [],
              "duration": 3077,
              "root": false,
              "rootEmpty": false,
              "_timeout": 2000
            },
            {
              "uuid": "9b28ce22-8790-483e-b8e0-a5ebe469bfe7",
              "title": "Login Functionality Test",
              "fullFile": "",
              "file": "",
              "beforeHooks": [],
              "afterHooks": [],
              "tests": [
                {
                  "title": "Login function should be worked successfully with valid inputs",
                  "fullTitle": "Login page test Login Functionality Test Login function should be worked successfully with valid inputs",
                  "timedOut": null,
                  "duration": 3976,
                  "state": "passed",
                  "speed": "fast",
                  "pass": true,
                  "fail": false,
                  "pending": false,
                  "context": null,
                  "code": "login.email().should('be.visible');\nlogin.email().clear();\nlogin.email().type('o.md.abdullahalmamun@gmail.com');\nlogin.password().should('be.visible');\nlogin.password().clear();\nlogin.password().type('10.mamun.30');\nlogin.loginButton().should('be.visible');\nlogin.loginButton().click();\nlogin.successfulLoginMessage().should('be.visible');\nlogin.successfulLoginMessage().should('contain', 'Booking your wedding');",
                  "err": {},
                  "uuid": "c09712e0-edb6-464e-90a6-4f66a2b68296",
                  "parentUUID": "9b28ce22-8790-483e-b8e0-a5ebe469bfe7",
                  "isHook": false,
                  "skipped": false
                },
                {
                  "title": "Login function should not be worked successfully with incorrect inputs",
                  "fullTitle": "Login page test Login Functionality Test Login function should not be worked successfully with incorrect inputs",
                  "timedOut": null,
                  "duration": 2364,
                  "state": "passed",
                  "speed": "fast",
                  "pass": true,
                  "fail": false,
                  "pending": false,
                  "context": null,
                  "code": "login.email().should('be.visible');\nlogin.email().clear();\nlogin.email().type('o.md.abdullahalmamun@gmail.com');\nlogin.password().should('be.visible');\nlogin.password().clear();\nlogin.password().type('wrongpassword');\nlogin.loginButton().should('be.visible');\nlogin.loginButton().click();\nlogin.incorrectPasswordMessage().should('be.visible');\nlogin.incorrectPasswordMessage().should('contain', 'Error: The password you entered for the email address');",
                  "err": {},
                  "uuid": "ffd94279-e9d1-457b-8610-8e10850843b0",
                  "parentUUID": "9b28ce22-8790-483e-b8e0-a5ebe469bfe7",
                  "isHook": false,
                  "skipped": false
                },
                {
                  "title": "Login function should not be worked successfully with empty input fields",
                  "fullTitle": "Login page test Login Functionality Test Login function should not be worked successfully with empty input fields",
                  "timedOut": null,
                  "duration": 1637,
                  "state": "passed",
                  "speed": "fast",
                  "pass": true,
                  "fail": false,
                  "pending": false,
                  "context": null,
                  "code": "login.email().should('be.visible');\nlogin.email().clear();\nlogin.email().type('o.md.abdullahalmamun@gmail.com');\nlogin.loginButton().should('be.visible');\nlogin.loginButton().click();\nlogin.emptyPasswordFieldMessage().should('contain', 'Your password is required');",
                  "err": {},
                  "uuid": "f9fd5d30-f116-4cbb-b200-cfd351a45100",
                  "parentUUID": "9b28ce22-8790-483e-b8e0-a5ebe469bfe7",
                  "isHook": false,
                  "skipped": false
                },
                {
                  "title": "Lost password function should be worked successfully",
                  "fullTitle": "Login page test Login Functionality Test Lost password function should be worked successfully",
                  "timedOut": null,
                  "duration": 3588,
                  "state": "passed",
                  "speed": "fast",
                  "pass": true,
                  "fail": false,
                  "pending": false,
                  "context": null,
                  "code": "login.navigateToLostPassword();\nlogin.resetEmail().should('be.visible');\nlogin.resetEmail().clear();\nlogin.resetEmail().type('theytogether');\nlogin.getNewPassword().should('be.visible');\nlogin.getNewPassword().click();\nlogin.successfulResetMessage().should('be.visible');\nlogin.successfulResetMessage().should('contain', 'Check your email for the confirmation link');",
                  "err": {},
                  "uuid": "a1bd23fc-f15e-4e90-96c9-1df5e0772726",
                  "parentUUID": "9b28ce22-8790-483e-b8e0-a5ebe469bfe7",
                  "isHook": false,
                  "skipped": false
                },
                {
                  "title": "Lost password function should not be worked successfully with non existing account",
                  "fullTitle": "Login page test Login Functionality Test Lost password function should not be worked successfully with non existing account",
                  "timedOut": null,
                  "duration": 2141,
                  "state": "passed",
                  "speed": "fast",
                  "pass": true,
                  "fail": false,
                  "pending": false,
                  "context": null,
                  "code": "login.navigateToLostPassword();\nlogin.resetEmail().should('be.visible');\nlogin.resetEmail().clear();\nlogin.resetEmail().type('tester1@mailinator.com');\nlogin.getNewPassword().should('be.visible');\nlogin.getNewPassword().click();\nlogin.nonExistingAccountMessage().should('be.visible');\nlogin.nonExistingAccountMessage().should('contain', 'Error: There is no account with that username or email address.');",
                  "err": {},
                  "uuid": "38906ef9-863a-4aa8-aae9-fe71a680c3b8",
                  "parentUUID": "9b28ce22-8790-483e-b8e0-a5ebe469bfe7",
                  "isHook": false,
                  "skipped": false
                }
              ],
              "suites": [],
              "passes": [
                "c09712e0-edb6-464e-90a6-4f66a2b68296",
                "ffd94279-e9d1-457b-8610-8e10850843b0",
                "f9fd5d30-f116-4cbb-b200-cfd351a45100",
                "a1bd23fc-f15e-4e90-96c9-1df5e0772726",
                "38906ef9-863a-4aa8-aae9-fe71a680c3b8"
              ],
              "failures": [],
              "pending": [],
              "skipped": [],
              "duration": 13706,
              "root": false,
              "rootEmpty": false,
              "_timeout": 2000
            }
          ],
          "passes": [],
          "failures": [],
          "pending": [],
          "skipped": [],
          "duration": 0,
          "root": false,
          "rootEmpty": false,
          "_timeout": 2000
        }
      ],
      "passes": [],
      "failures": [],
      "pending": [],
      "skipped": [],
      "duration": 0,
      "root": true,
      "rootEmpty": true,
      "_timeout": 2000
    },
    {
      "uuid": "4b82fabe-2d37-4bf0-9137-21f3c9a33b99",
      "title": "",
      "fullFile": "cypress\\e2e\\03_contact.spec.js",
      "file": "cypress\\e2e\\03_contact.spec.js",
      "beforeHooks": [],
      "afterHooks": [],
      "tests": [],
      "suites": [
        {
          "uuid": "852215f5-e247-43c6-912a-869ae9328e7a",
          "title": "Contact Page",
          "fullFile": "",
          "file": "",
          "beforeHooks": [],
          "afterHooks": [],
          "tests": [],
          "suites": [
            {
              "uuid": "b4a81a49-cced-446e-88da-6fddbf3ed6aa",
              "title": "Url,Tagline,Heading Test",
              "fullFile": "",
              "file": "",
              "beforeHooks": [],
              "afterHooks": [],
              "tests": [
                {
                  "title": "Url should contain the correct content",
                  "fullTitle": "Contact Page Url,Tagline,Heading Test Url should contain the correct content",
                  "timedOut": null,
                  "duration": 2825,
                  "state": "passed",
                  "speed": "fast",
                  "pass": true,
                  "fail": false,
                  "pending": false,
                  "context": null,
                  "code": "cy.url().should('contain', 'contact');",
                  "err": {},
                  "uuid": "8a962fee-a7bd-440e-80e5-7658c7498a5d",
                  "parentUUID": "b4a81a49-cced-446e-88da-6fddbf3ed6aa",
                  "isHook": false,
                  "skipped": false
                },
                {
                  "title": "Tagline should contain the correct content",
                  "fullTitle": "Contact Page Url,Tagline,Heading Test Tagline should contain the correct content",
                  "timedOut": null,
                  "duration": 856,
                  "state": "passed",
                  "speed": "fast",
                  "pass": true,
                  "fail": false,
                  "pending": false,
                  "context": null,
                  "code": "contact.taglineMessage().should('be.visible');\ncontact.taglineMessage().should('contain', 'We are optimists who love to work together');",
                  "err": {},
                  "uuid": "1d62d2de-56a1-4bf6-a3f0-6313222fdbf5",
                  "parentUUID": "b4a81a49-cced-446e-88da-6fddbf3ed6aa",
                  "isHook": false,
                  "skipped": false
                },
                {
                  "title": "Left area of should contain the correct heading",
                  "fullTitle": "Contact Page Url,Tagline,Heading Test Left area of should contain the correct heading",
                  "timedOut": null,
                  "duration": 768,
                  "state": "passed",
                  "speed": "fast",
                  "pass": true,
                  "fail": false,
                  "pending": false,
                  "context": null,
                  "code": "contact.leftHeading().should('be.visible');\ncontact.leftHeading().should('contain', 'You can find us at:');",
                  "err": {},
                  "uuid": "cddb9532-7afd-4173-a350-d61471cccaab",
                  "parentUUID": "b4a81a49-cced-446e-88da-6fddbf3ed6aa",
                  "isHook": false,
                  "skipped": false
                },
                {
                  "title": "Right area of should contain the correct heading",
                  "fullTitle": "Contact Page Url,Tagline,Heading Test Right area of should contain the correct heading",
                  "timedOut": null,
                  "duration": 703,
                  "state": "passed",
                  "speed": "fast",
                  "pass": true,
                  "fail": false,
                  "pending": false,
                  "context": null,
                  "code": "contact.rightHeading().should('be.visible');\ncontact.rightHeading().should('contain', \"Let's get in touch:\");",
                  "err": {},
                  "uuid": "464763b0-7d43-488f-af53-30793cf9edb0",
                  "parentUUID": "b4a81a49-cced-446e-88da-6fddbf3ed6aa",
                  "isHook": false,
                  "skipped": false
                }
              ],
              "suites": [],
              "passes": [
                "8a962fee-a7bd-440e-80e5-7658c7498a5d",
                "1d62d2de-56a1-4bf6-a3f0-6313222fdbf5",
                "cddb9532-7afd-4173-a350-d61471cccaab",
                "464763b0-7d43-488f-af53-30793cf9edb0"
              ],
              "failures": [],
              "pending": [],
              "skipped": [],
              "duration": 5152,
              "root": false,
              "rootEmpty": false,
              "_timeout": 2000
            },
            {
              "uuid": "c6723ea0-1610-4f79-940f-e652d82f41a2",
              "title": "Contact Information Test",
              "fullFile": "",
              "file": "",
              "beforeHooks": [],
              "afterHooks": [],
              "tests": [
                {
                  "title": "Contact information title should contain the correct title",
                  "fullTitle": "Contact Page Contact Information Test Contact information title should contain the correct title",
                  "timedOut": null,
                  "duration": 747,
                  "state": "passed",
                  "speed": "fast",
                  "pass": true,
                  "fail": false,
                  "pending": false,
                  "context": null,
                  "code": "contact.contactInfoTitle().should('be.visible');\ncontact.contactInfoTitle().should('contain', 'You can find us at:');",
                  "err": {},
                  "uuid": "40cf6163-f6c2-49f6-8a3b-d96be7bc8acb",
                  "parentUUID": "c6723ea0-1610-4f79-940f-e652d82f41a2",
                  "isHook": false,
                  "skipped": false
                },
                {
                  "title": "Email field should contain the correct email address",
                  "fullTitle": "Contact Page Contact Information Test Email field should contain the correct email address",
                  "timedOut": null,
                  "duration": 1005,
                  "state": "passed",
                  "speed": "fast",
                  "pass": true,
                  "fail": false,
                  "pending": false,
                  "context": null,
                  "code": "contact.emailField().should('be.visible');\ncontact.emailField().should('contain', 'Ourweddingjourney@gmail.com');",
                  "err": {},
                  "uuid": "47a5cc5b-85ed-4646-915d-5f720db9530d",
                  "parentUUID": "c6723ea0-1610-4f79-940f-e652d82f41a2",
                  "isHook": false,
                  "skipped": false
                },
                {
                  "title": "Phone number field should contain the correct number",
                  "fullTitle": "Contact Page Contact Information Test Phone number field should contain the correct number",
                  "timedOut": null,
                  "duration": 540,
                  "state": "passed",
                  "speed": "fast",
                  "pass": true,
                  "fail": false,
                  "pending": false,
                  "context": null,
                  "code": "contact.phoneField().should('be.visible');\ncontact.phoneField().should('contain', '+447307509256');",
                  "err": {},
                  "uuid": "3ad2ad02-354d-4ce7-b10b-797adbd4c518",
                  "parentUUID": "c6723ea0-1610-4f79-940f-e652d82f41a2",
                  "isHook": false,
                  "skipped": false
                },
                {
                  "title": "Location field should contain the correct location",
                  "fullTitle": "Contact Page Contact Information Test Location field should contain the correct location",
                  "timedOut": null,
                  "duration": 693,
                  "state": "passed",
                  "speed": "fast",
                  "pass": true,
                  "fail": false,
                  "pending": false,
                  "context": null,
                  "code": "contact.locationField().should('be.visible');\ncontact.locationField().should('contain', 'Luton, United Kingdom');",
                  "err": {},
                  "uuid": "976e33ec-703f-47e5-bd47-e569ff9ebeb6",
                  "parentUUID": "c6723ea0-1610-4f79-940f-e652d82f41a2",
                  "isHook": false,
                  "skipped": false
                }
              ],
              "suites": [],
              "passes": [
                "40cf6163-f6c2-49f6-8a3b-d96be7bc8acb",
                "47a5cc5b-85ed-4646-915d-5f720db9530d",
                "3ad2ad02-354d-4ce7-b10b-797adbd4c518",
                "976e33ec-703f-47e5-bd47-e569ff9ebeb6"
              ],
              "failures": [],
              "pending": [],
              "skipped": [],
              "duration": 2985,
              "root": false,
              "rootEmpty": false,
              "_timeout": 2000
            },
            {
              "uuid": "65bcce34-ca6b-45ec-9da0-f93207658b5d",
              "title": "Contact Form Test",
              "fullFile": "",
              "file": "",
              "beforeHooks": [],
              "afterHooks": [],
              "tests": [
                {
                  "title": "Contact form title should contain the correct title",
                  "fullTitle": "Contact Page Contact Form Test Contact form title should contain the correct title",
                  "timedOut": null,
                  "duration": 577,
                  "state": "passed",
                  "speed": "fast",
                  "pass": true,
                  "fail": false,
                  "pending": false,
                  "context": null,
                  "code": "contact.contactFormTitle().should('be.visible');\ncontact.contactFormTitle().should('contain', \"Let's get in touch:\");",
                  "err": {},
                  "uuid": "93105918-14d7-40d5-befb-682bdbdf932e",
                  "parentUUID": "65bcce34-ca6b-45ec-9da0-f93207658b5d",
                  "isHook": false,
                  "skipped": false
                },
                {
                  "title": "Contact form should be submitted successfully with valid inputs",
                  "fullTitle": "Contact Page Contact Form Test Contact form should be submitted successfully with valid inputs",
                  "timedOut": null,
                  "duration": 3999,
                  "state": "passed",
                  "speed": "fast",
                  "pass": true,
                  "fail": false,
                  "pending": false,
                  "context": null,
                  "code": "contact.hisFirstName().should('be.visible');\ncontact.hisFirstName().clear();\ncontact.hisFirstName().type('John');\ncontact.hisLastName().should('be.visible');\ncontact.hisLastName().clear();\ncontact.hisLastName().type('Doe');\ncontact.herFirstName().should('be.visible');\ncontact.herFirstName().clear();\ncontact.herFirstName().type('Sarah');\ncontact.herLastName().should('be.visible');\ncontact.herLastName().clear();\ncontact.herLastName().type('Jane');\ncontact.email().should('be.visible');\ncontact.email().clear();\ncontact.email().type('o.md.abdullahalmamun@gmail.com');\ncontact.sendMessageButton().should('be.visible');\ncontact.sendMessageButton().click();\ncontact.successfulContactMessage().should('be.visible');\ncontact.successfulContactMessage().should('contain', 'Thanks for contacting us! We will be in touch with you shortly.');",
                  "err": {},
                  "uuid": "7a4ecf1b-c42c-4329-baf2-3aad47f4e653",
                  "parentUUID": "65bcce34-ca6b-45ec-9da0-f93207658b5d",
                  "isHook": false,
                  "skipped": false
                },
                {
                  "title": "Contact form should not be submitted successfully with invalid email",
                  "fullTitle": "Contact Page Contact Form Test Contact form should not be submitted successfully with invalid email",
                  "timedOut": null,
                  "duration": 3482,
                  "state": "passed",
                  "speed": "fast",
                  "pass": true,
                  "fail": false,
                  "pending": false,
                  "context": null,
                  "code": "contact.hisFirstName().should('be.visible');\ncontact.hisFirstName().clear();\ncontact.hisFirstName().type('John');\ncontact.hisLastName().should('be.visible');\ncontact.hisLastName().clear();\ncontact.hisLastName().type('Doe');\ncontact.herFirstName().should('be.visible');\ncontact.herFirstName().clear();\ncontact.herFirstName().type('Sarah');\ncontact.herLastName().should('be.visible');\ncontact.herLastName().clear();\ncontact.herLastName().type('Jane');\ncontact.email().should('be.visible');\ncontact.email().clear();\ncontact.email().type('wrongemail.com');\ncontact.sendMessageButton().should('be.visible');\ncontact.sendMessageButton().click();\ncontact.invalidEmailMessage().should('be.visible');\ncontact.invalidEmailMessage().should('contain', 'Please enter a valid email address.');",
                  "err": {},
                  "uuid": "b1f196a0-594a-47dd-98c9-6a432477efa3",
                  "parentUUID": "65bcce34-ca6b-45ec-9da0-f93207658b5d",
                  "isHook": false,
                  "skipped": false
                },
                {
                  "title": "Contact form should not be submitted successfully with empty email field",
                  "fullTitle": "Contact Page Contact Form Test Contact form should not be submitted successfully with empty email field",
                  "timedOut": null,
                  "duration": 3445,
                  "state": "passed",
                  "speed": "fast",
                  "pass": true,
                  "fail": false,
                  "pending": false,
                  "context": null,
                  "code": "contact.hisFirstName().should('be.visible');\ncontact.hisFirstName().clear();\ncontact.hisFirstName().type('John');\ncontact.hisLastName().should('be.visible');\ncontact.hisLastName().clear();\ncontact.hisLastName().type('Doe');\ncontact.herFirstName().should('be.visible');\ncontact.herFirstName().clear();\ncontact.herFirstName().type('Sarah');\ncontact.herLastName().should('be.visible');\ncontact.herLastName().clear();\ncontact.herLastName().type('Jane');\ncontact.sendMessageButton().click();\ncontact.emptyFieldMessage().should('be.visible');\ncontact.emptyFieldMessage().should('contain', 'This field is required.');",
                  "err": {},
                  "uuid": "1db78299-bb7b-452d-a3ba-d8e26fa90311",
                  "parentUUID": "65bcce34-ca6b-45ec-9da0-f93207658b5d",
                  "isHook": false,
                  "skipped": false
                }
              ],
              "suites": [],
              "passes": [
                "93105918-14d7-40d5-befb-682bdbdf932e",
                "7a4ecf1b-c42c-4329-baf2-3aad47f4e653",
                "b1f196a0-594a-47dd-98c9-6a432477efa3",
                "1db78299-bb7b-452d-a3ba-d8e26fa90311"
              ],
              "failures": [],
              "pending": [],
              "skipped": [],
              "duration": 11503,
              "root": false,
              "rootEmpty": false,
              "_timeout": 2000
            }
          ],
          "passes": [],
          "failures": [],
          "pending": [],
          "skipped": [],
          "duration": 0,
          "root": false,
          "rootEmpty": false,
          "_timeout": 2000
        }
      ],
      "passes": [],
      "failures": [],
      "pending": [],
      "skipped": [],
      "duration": 0,
      "root": true,
      "rootEmpty": true,
      "_timeout": 2000
    },
    {
      "uuid": "6daa69a7-2b16-4230-ba69-82c7668a9281",
      "title": "",
      "fullFile": "cypress\\e2e\\04_home.spec.js",
      "file": "cypress\\e2e\\04_home.spec.js",
      "beforeHooks": [],
      "afterHooks": [],
      "tests": [],
      "suites": [
        {
          "uuid": "f77e0161-5392-4508-98d3-e1fa1b9f0392",
          "title": "Title Test",
          "fullFile": "",
          "file": "",
          "beforeHooks": [],
          "afterHooks": [],
          "tests": [],
          "suites": [
            {
              "uuid": "b9c99236-def9-4c6b-9105-1d84dea0b6a5",
              "title": "Url verification",
              "fullFile": "",
              "file": "",
              "beforeHooks": [],
              "afterHooks": [],
              "tests": [
                {
                  "title": "Title should contain the correct content",
                  "fullTitle": "Title Test Url verification Title should contain the correct content",
                  "timedOut": null,
                  "duration": 2674,
                  "state": "passed",
                  "speed": "fast",
                  "pass": true,
                  "fail": false,
                  "pending": false,
                  "context": null,
                  "code": "cy.title().should('eq', 'OurWeddingJourney');",
                  "err": {},
                  "uuid": "2cf2f230-941d-4ac7-9e82-2cebeb022bb8",
                  "parentUUID": "b9c99236-def9-4c6b-9105-1d84dea0b6a5",
                  "isHook": false,
                  "skipped": false
                },
                {
                  "title": "Title should not contain the incorrect content",
                  "fullTitle": "Title Test Url verification Title should not contain the incorrect content",
                  "timedOut": null,
                  "duration": 11148,
                  "state": "failed",
                  "speed": null,
                  "pass": false,
                  "fail": true,
                  "pending": false,
                  "context": null,
                  "code": "cy.title().should('eq', 'wrongtitle');",
                  "err": {
                    "message": "AssertionError: Timed out retrying after 10000ms: expected 'OurWeddingJourney' to equal 'wrongtitle'",
                    "estack": "AssertionError: Timed out retrying after 10000ms: expected 'OurWeddingJourney' to equal 'wrongtitle'\n    at Context.eval (webpack:///./cypress/e2e/04_home.spec.js:18:19)",
                    "diff": "- 'OurWeddingJourney'\n+ 'wrongtitle'\n"
                  },
                  "uuid": "a7154234-3cbb-4e49-83e5-0534a4b14525",
                  "parentUUID": "b9c99236-def9-4c6b-9105-1d84dea0b6a5",
                  "isHook": false,
                  "skipped": false
                }
              ],
              "suites": [],
              "passes": [
                "2cf2f230-941d-4ac7-9e82-2cebeb022bb8"
              ],
              "failures": [
                "a7154234-3cbb-4e49-83e5-0534a4b14525"
              ],
              "pending": [],
              "skipped": [],
              "duration": 13822,
              "root": false,
              "rootEmpty": false,
              "_timeout": 2000
            }
          ],
          "passes": [],
          "failures": [],
          "pending": [],
          "skipped": [],
          "duration": 0,
          "root": false,
          "rootEmpty": false,
          "_timeout": 2000
        }
      ],
      "passes": [],
      "failures": [],
      "pending": [],
      "skipped": [],
      "duration": 0,
      "root": true,
      "rootEmpty": true,
      "_timeout": 2000
    },
    {
      "uuid": "4f61d5e7-b996-433a-b8e6-5ff384f9a61c",
      "title": "",
      "fullFile": "cypress\\e2e\\01_signup.spec.js",
      "file": "cypress\\e2e\\01_signup.spec.js",
      "beforeHooks": [],
      "afterHooks": [],
      "tests": [],
      "suites": [
        {
          "uuid": "ced0c7ac-e4e4-4826-b81b-bc6b1664682b",
          "title": "Sign Up page test",
          "fullFile": "",
          "file": "",
          "beforeHooks": [],
          "afterHooks": [],
          "tests": [],
          "suites": [
            {
              "uuid": "2833912f-123e-4a46-bb1d-9e99fcc408a3",
              "title": "Url Test",
              "fullFile": "",
              "file": "",
              "beforeHooks": [],
              "afterHooks": [],
              "tests": [
                {
                  "title": "Verify URL of the sign up page",
                  "fullTitle": "Sign Up page test Url Test Verify URL of the sign up page",
                  "timedOut": null,
                  "duration": 3538,
                  "state": "passed",
                  "speed": "fast",
                  "pass": true,
                  "fail": false,
                  "pending": false,
                  "context": null,
                  "code": "cy.url().should('include', 'sign-up');",
                  "err": {},
                  "uuid": "cc038bfe-0041-4243-aa05-54582c8913fe",
                  "parentUUID": "2833912f-123e-4a46-bb1d-9e99fcc408a3",
                  "isHook": false,
                  "skipped": false
                }
              ],
              "suites": [],
              "passes": [
                "cc038bfe-0041-4243-aa05-54582c8913fe"
              ],
              "failures": [],
              "pending": [],
              "skipped": [],
              "duration": 3538,
              "root": false,
              "rootEmpty": false,
              "_timeout": 2000
            },
            {
              "uuid": "6321d92e-2439-4322-b195-de6236b13e21",
              "title": "Sign up form Test",
              "fullFile": "",
              "file": "",
              "beforeHooks": [],
              "afterHooks": [],
              "tests": [
                {
                  "title": "Sign up function should be worked successfully with valid inputs",
                  "fullTitle": "Sign Up page test Sign up form Test Sign up function should be worked successfully with valid inputs",
                  "timedOut": null,
                  "duration": 11048,
                  "state": "failed",
                  "speed": null,
                  "pass": false,
                  "fail": true,
                  "pending": false,
                  "context": null,
                  "code": "signup.firstName().should('be.visible');\nsignup.firstName().clear();\nsignup.firstName().type('Test First Name');\nsignup.lastName().should('be.visible');\nsignup.lastName().clear();\nsignup.lastName().type('Test Last Name');\nsignup.userName().should('be.visible');\nsignup.userName().clear();\nsignup.userName().type('username123');\nsignup.email().should('be.visible');\nsignup.email().clear();\nsignup.email().type('test@mailinator.com');\nsignup.phone().should('be.visible');\nsignup.phone().clear();\nsignup.phone().type('07394032549');\nsignup.password().should('be.visible');\nsignup.password().clear();\nsignup.password().type('TestPassword');\nsignup.street().should('be.visible');\nsignup.street().clear();\nsignup.street().type('Test Street 101');\nsignup.city().should('be.visible');\nsignup.city().clear();\nsignup.city().type('Test City');\nsignup.zip().should('be.visible');\nsignup.zip().clear();\nsignup.zip().type('TestLu1');\nsignup.registerButton().click();\nsignup.successfulRegistrationMessage().should('contain', 'Account registration successful. Please check your email inbox to activate your new account.');",
                  "err": {
                    "message": "AssertionError: Timed out retrying after 10000ms: Expected to find element: `#forminator-field-first-name-1_6413b26389071`, but never found it.",
                    "estack": "AssertionError: Timed out retrying after 10000ms: Expected to find element: `#forminator-field-first-name-1_6413b26389071`, but never found it.\n    at Context.eval (webpack:///./cypress/e2e/01_signup.spec.js:17:27)",
                    "diff": null
                  },
                  "uuid": "ec59ca4b-4482-4fe2-9fc6-275e8467abf3",
                  "parentUUID": "6321d92e-2439-4322-b195-de6236b13e21",
                  "isHook": false,
                  "skipped": false
                },
                {
                  "title": "Sign up function should not be worked successfully with existing email address",
                  "fullTitle": "Sign Up page test Sign up form Test Sign up function should not be worked successfully with existing email address",
                  "timedOut": null,
                  "duration": 12041,
                  "state": "failed",
                  "speed": null,
                  "pass": false,
                  "fail": true,
                  "pending": false,
                  "context": null,
                  "code": "signup.firstName().should('be.visible');\nsignup.firstName().clear();\nsignup.firstName().type('Test2 First Name');\nsignup.lastName().should('be.visible');\nsignup.lastName().clear();\nsignup.lastName().type('Test2 Last Name');\nsignup.userName().should('be.visible');\nsignup.userName().clear();\nsignup.userName().type('Test2username');\nsignup.email().should('be.visible');\nsignup.email().clear();\nsignup.email().type('o.md.abdullahalmamun@gmail.com');\nsignup.phone().should('be.visible');\nsignup.phone().clear();\nsignup.phone().type('07394032549');\nsignup.password().should('be.visible');\nsignup.password().clear();\nsignup.password().type('TestPassword');\nsignup.street().should('be.visible');\nsignup.street().clear();\nsignup.street().type('Test Street 102');\nsignup.city().should('be.visible');\nsignup.city().clear();\nsignup.city().type('Test2 City');\nsignup.zip().should('be.visible');\nsignup.zip().clear();\nsignup.zip().type('TestLu2');\nsignup.registerButton().click();\nsignup.existingEmailMessage().should('contain', 'This email address is already registered.');",
                  "err": {
                    "message": "AssertionError: Timed out retrying after 10000ms: Expected to find element: `#forminator-field-first-name-1_6413b26389071`, but never found it.",
                    "estack": "AssertionError: Timed out retrying after 10000ms: Expected to find element: `#forminator-field-first-name-1_6413b26389071`, but never found it.\n    at Context.eval (webpack:///./cypress/e2e/01_signup.spec.js:49:27)",
                    "diff": null
                  },
                  "uuid": "7c4136cb-9522-45d9-8171-1b277295c84a",
                  "parentUUID": "6321d92e-2439-4322-b195-de6236b13e21",
                  "isHook": false,
                  "skipped": false
                },
                {
                  "title": "Sign up function should not be worked successfully with invalid email and phone",
                  "fullTitle": "Sign Up page test Sign up form Test Sign up function should not be worked successfully with invalid email and phone",
                  "timedOut": null,
                  "duration": 11697,
                  "state": "failed",
                  "speed": null,
                  "pass": false,
                  "fail": true,
                  "pending": false,
                  "context": null,
                  "code": "signup.firstName().should('be.visible');\nsignup.firstName().clear();\nsignup.firstName().type('invalid');\nsignup.lastName().should('be.visible');\nsignup.lastName().clear();\nsignup.lastName().type('invalid');\nsignup.userName().should('be.visible');\nsignup.userName().clear();\nsignup.userName().type('invalid');\nsignup.email().should('be.visible');\nsignup.email().clear();\nsignup.email().type('invalid');\nsignup.phone().should('be.visible');\nsignup.phone().clear();\nsignup.phone().type('invalid');\nsignup.password().should('be.visible');\nsignup.password().clear();\nsignup.password().type('invalid');\nsignup.street().should('be.visible');\nsignup.street().clear();\nsignup.street().type('invalid');\nsignup.city().should('be.visible');\nsignup.city().clear();\nsignup.city().type('invalid');\nsignup.zip().should('be.visible');\nsignup.zip().clear();\nsignup.zip().type('invalid');\nsignup.registerButton().click();",
                  "err": {
                    "message": "AssertionError: Timed out retrying after 10000ms: Expected to find element: `#forminator-field-first-name-1_6413b26389071`, but never found it.",
                    "estack": "AssertionError: Timed out retrying after 10000ms: Expected to find element: `#forminator-field-first-name-1_6413b26389071`, but never found it.\n    at Context.eval (webpack:///./cypress/e2e/01_signup.spec.js:81:27)",
                    "diff": null
                  },
                  "uuid": "ed6af60d-4c0a-43e4-b8ee-141cda97764c",
                  "parentUUID": "6321d92e-2439-4322-b195-de6236b13e21",
                  "isHook": false,
                  "skipped": false
                },
                {
                  "title": "Sign up function should not be worked successfully with empty input fields",
                  "fullTitle": "Sign Up page test Sign up form Test Sign up function should not be worked successfully with empty input fields",
                  "timedOut": null,
                  "duration": 2079,
                  "state": "passed",
                  "speed": "fast",
                  "pass": true,
                  "fail": false,
                  "pending": false,
                  "context": null,
                  "code": "signup.registerButton().click();\nsignup.emptyFieldmessage().should('be.visible');\nsignup.emptyFieldmessage().should('contain', 'This field is required. Please enter text.');",
                  "err": {},
                  "uuid": "ef7859e2-330c-4faf-ad9d-d3737f40f153",
                  "parentUUID": "6321d92e-2439-4322-b195-de6236b13e21",
                  "isHook": false,
                  "skipped": false
                }
              ],
              "suites": [],
              "passes": [
                "ef7859e2-330c-4faf-ad9d-d3737f40f153"
              ],
              "failures": [
                "ec59ca4b-4482-4fe2-9fc6-275e8467abf3",
                "7c4136cb-9522-45d9-8171-1b277295c84a",
                "ed6af60d-4c0a-43e4-b8ee-141cda97764c"
              ],
              "pending": [],
              "skipped": [],
              "duration": 36865,
              "root": false,
              "rootEmpty": false,
              "_timeout": 2000
            }
          ],
          "passes": [],
          "failures": [],
          "pending": [],
          "skipped": [],
          "duration": 0,
          "root": false,
          "rootEmpty": false,
          "_timeout": 2000
        }
      ],
      "passes": [],
      "failures": [],
      "pending": [],
      "skipped": [],
      "duration": 0,
      "root": true,
      "rootEmpty": true,
      "_timeout": 2000
    }
  ],
  "meta": {
    "mocha": {
      "version": "7.0.1"
    },
    "mochawesome": {
      "options": {
        "quiet": false,
        "reportFilename": "mochawesome",
        "saveHtml": false,
        "saveJson": true,
        "consoleReporter": "spec",
        "useInlineDiffs": false,
        "code": true
      },
      "version": "7.1.3"
    },
    "marge": {
      "options": {
        "id": "default",
        "reportDir": "cypress/results/mochawesome",
        "quite": true,
        "overwrite": false,
        "html": false,
        "json": true
      },
      "version": "6.2.0"
    }
  }
}