{
  "stats": {
    "suites": 4,
    "tests": 25,
    "passes": 25,
    "pending": 0,
    "failures": 0,
    "testsRegistered": 25,
    "passPercent": 100,
    "pendingPercent": 0,
    "other": 0,
    "hasOther": false,
    "skipped": 0,
    "hasSkipped": false,
    "start": "2023-04-15T01:30:22.781Z",
    "end": "2023-04-15T01:31:36.286Z",
    "duration": 73505
  },
  "results": [
    {
      "uuid": "d006f37f-0e95-4a7b-b78c-aad9bcd640ed",
      "title": "",
      "fullFile": "cypress\\e2e\\02_login.spec.js",
      "file": "cypress\\e2e\\02_login.spec.js",
      "beforeHooks": [],
      "afterHooks": [],
      "tests": [],
      "suites": [
        {
          "uuid": "cb6e1d94-5964-4d20-b007-ecd527911ae1",
          "title": "Login page test",
          "fullFile": "",
          "file": "",
          "beforeHooks": [],
          "afterHooks": [],
          "tests": [],
          "suites": [
            {
              "uuid": "a2623c5e-fbaa-4148-b1f5-8fd27f352517",
              "title": "Url Test",
              "fullFile": "",
              "file": "",
              "beforeHooks": [],
              "afterHooks": [],
              "tests": [
                {
                  "title": "Verify URL of the login page",
                  "fullTitle": "Login page test Url Test Verify URL of the login page",
                  "timedOut": null,
                  "duration": 2435,
                  "state": "passed",
                  "speed": "fast",
                  "pass": true,
                  "fail": false,
                  "pending": false,
                  "context": null,
                  "code": "cy.url().should('include', 'login');",
                  "err": {},
                  "uuid": "d5ca5994-d8ef-4d78-aa24-9c55df159441",
                  "parentUUID": "a2623c5e-fbaa-4148-b1f5-8fd27f352517",
                  "isHook": false,
                  "skipped": false
                }
              ],
              "suites": [],
              "passes": [
                "d5ca5994-d8ef-4d78-aa24-9c55df159441"
              ],
              "failures": [],
              "pending": [],
              "skipped": [],
              "duration": 2435,
              "root": false,
              "rootEmpty": false,
              "_timeout": 2000
            },
            {
              "uuid": "f0fc3cde-b0cf-4b3c-aa52-84e84355a5f4",
              "title": "Login Functionality Test",
              "fullFile": "",
              "file": "",
              "beforeHooks": [],
              "afterHooks": [],
              "tests": [
                {
                  "title": "Login function should be worked successfully with valid inputs",
                  "fullTitle": "Login page test Login Functionality Test Login function should be worked successfully with valid inputs",
                  "timedOut": null,
                  "duration": 3542,
                  "state": "passed",
                  "speed": "fast",
                  "pass": true,
                  "fail": false,
                  "pending": false,
                  "context": null,
                  "code": "login.email().should('be.visible');\nlogin.email().clear();\nlogin.email().type('o.md.abdullahalmamun@gmail.com');\nlogin.password().should('be.visible');\nlogin.password().clear();\nlogin.password().type('10.mamun.30');\nlogin.loginButton().should('be.visible');\nlogin.loginButton().click();\nlogin.successfulLoginMessage().should('be.visible');\nlogin.successfulLoginMessage().should('contain', 'Booking your wedding');",
                  "err": {},
                  "uuid": "55dc0f70-00bc-4182-940e-f20dd8f8f6a6",
                  "parentUUID": "f0fc3cde-b0cf-4b3c-aa52-84e84355a5f4",
                  "isHook": false,
                  "skipped": false
                },
                {
                  "title": "Login function should not be worked successfully with incorrect inputs",
                  "fullTitle": "Login page test Login Functionality Test Login function should not be worked successfully with incorrect inputs",
                  "timedOut": null,
                  "duration": 2368,
                  "state": "passed",
                  "speed": "fast",
                  "pass": true,
                  "fail": false,
                  "pending": false,
                  "context": null,
                  "code": "login.email().should('be.visible');\nlogin.email().clear();\nlogin.email().type('o.md.abdullahalmamun@gmail.com');\nlogin.password().should('be.visible');\nlogin.password().clear();\nlogin.password().type('wrongpassword');\nlogin.loginButton().should('be.visible');\nlogin.loginButton().click();\nlogin.incorrectPasswordMessage().should('be.visible');\nlogin.incorrectPasswordMessage().should('contain', 'Error: The password you entered for the email address');",
                  "err": {},
                  "uuid": "512942fd-80a1-41ea-b386-3cb058b5bab5",
                  "parentUUID": "f0fc3cde-b0cf-4b3c-aa52-84e84355a5f4",
                  "isHook": false,
                  "skipped": false
                },
                {
                  "title": "Login function should not be worked successfully with empty input fields",
                  "fullTitle": "Login page test Login Functionality Test Login function should not be worked successfully with empty input fields",
                  "timedOut": null,
                  "duration": 1407,
                  "state": "passed",
                  "speed": "fast",
                  "pass": true,
                  "fail": false,
                  "pending": false,
                  "context": null,
                  "code": "login.email().should('be.visible');\nlogin.email().clear();\nlogin.email().type('o.md.abdullahalmamun@gmail.com');\nlogin.loginButton().should('be.visible');\nlogin.loginButton().click();\nlogin.emptyPasswordFieldMessage().should('contain', 'Your password is required');",
                  "err": {},
                  "uuid": "b337ceb6-8997-4b37-bd4f-bae36f0b19a4",
                  "parentUUID": "f0fc3cde-b0cf-4b3c-aa52-84e84355a5f4",
                  "isHook": false,
                  "skipped": false
                },
                {
                  "title": "Lost password function should be worked successfully",
                  "fullTitle": "Login page test Login Functionality Test Lost password function should be worked successfully",
                  "timedOut": null,
                  "duration": 2603,
                  "state": "passed",
                  "speed": "fast",
                  "pass": true,
                  "fail": false,
                  "pending": false,
                  "context": null,
                  "code": "login.navigateToLostPassword();\nlogin.resetEmail().should('be.visible');\nlogin.resetEmail().clear();\nlogin.resetEmail().type('theytogether');\nlogin.getNewPassword().should('be.visible');\nlogin.getNewPassword().click();\nlogin.successfulResetMessage().should('be.visible');\nlogin.successfulResetMessage().should('contain', 'Check your email for the confirmation link');",
                  "err": {},
                  "uuid": "ca20c8c2-0472-4f36-ab78-06a3ad8b4dfb",
                  "parentUUID": "f0fc3cde-b0cf-4b3c-aa52-84e84355a5f4",
                  "isHook": false,
                  "skipped": false
                },
                {
                  "title": "Lost password function should not be worked successfully with non existing account",
                  "fullTitle": "Login page test Login Functionality Test Lost password function should not be worked successfully with non existing account",
                  "timedOut": null,
                  "duration": 1953,
                  "state": "passed",
                  "speed": "fast",
                  "pass": true,
                  "fail": false,
                  "pending": false,
                  "context": null,
                  "code": "login.navigateToLostPassword();\nlogin.resetEmail().should('be.visible');\nlogin.resetEmail().clear();\nlogin.resetEmail().type('tester1@mailinator.com');\nlogin.getNewPassword().should('be.visible');\nlogin.getNewPassword().click();\nlogin.nonExistingAccountMessage().should('be.visible');\nlogin.nonExistingAccountMessage().should('contain', 'Error: There is no account with that username or email address.');",
                  "err": {},
                  "uuid": "74472821-efa4-4dea-898e-a4a8ed13f1d5",
                  "parentUUID": "f0fc3cde-b0cf-4b3c-aa52-84e84355a5f4",
                  "isHook": false,
                  "skipped": false
                }
              ],
              "suites": [],
              "passes": [
                "55dc0f70-00bc-4182-940e-f20dd8f8f6a6",
                "512942fd-80a1-41ea-b386-3cb058b5bab5",
                "b337ceb6-8997-4b37-bd4f-bae36f0b19a4",
                "ca20c8c2-0472-4f36-ab78-06a3ad8b4dfb",
                "74472821-efa4-4dea-898e-a4a8ed13f1d5"
              ],
              "failures": [],
              "pending": [],
              "skipped": [],
              "duration": 11873,
              "root": false,
              "rootEmpty": false,
              "_timeout": 2000
            }
          ],
          "passes": [],
          "failures": [],
          "pending": [],
          "skipped": [],
          "duration": 0,
          "root": false,
          "rootEmpty": false,
          "_timeout": 2000
        }
      ],
      "passes": [],
      "failures": [],
      "pending": [],
      "skipped": [],
      "duration": 0,
      "root": true,
      "rootEmpty": true,
      "_timeout": 2000
    },
    {
      "uuid": "fafa71b1-0203-4ba6-8c8c-7831724dceea",
      "title": "",
      "fullFile": "cypress\\e2e\\03_contact.spec.js",
      "file": "cypress\\e2e\\03_contact.spec.js",
      "beforeHooks": [],
      "afterHooks": [],
      "tests": [],
      "suites": [
        {
          "uuid": "78d56f8e-09d7-458e-8025-9569478926c8",
          "title": "Contact Page",
          "fullFile": "",
          "file": "",
          "beforeHooks": [],
          "afterHooks": [],
          "tests": [],
          "suites": [
            {
              "uuid": "494bd595-2115-4e7a-b7f7-fe3b6f5b3fd4",
              "title": "Url,Tagline,Heading Test",
              "fullFile": "",
              "file": "",
              "beforeHooks": [],
              "afterHooks": [],
              "tests": [
                {
                  "title": "Url should contain the correct content",
                  "fullTitle": "Contact Page Url,Tagline,Heading Test Url should contain the correct content",
                  "timedOut": null,
                  "duration": 1868,
                  "state": "passed",
                  "speed": "fast",
                  "pass": true,
                  "fail": false,
                  "pending": false,
                  "context": null,
                  "code": "cy.url().should('contain', 'contact');",
                  "err": {},
                  "uuid": "5b37ffc5-4338-4880-ac06-449e872cd384",
                  "parentUUID": "494bd595-2115-4e7a-b7f7-fe3b6f5b3fd4",
                  "isHook": false,
                  "skipped": false
                },
                {
                  "title": "Tagline should contain the correct content",
                  "fullTitle": "Contact Page Url,Tagline,Heading Test Tagline should contain the correct content",
                  "timedOut": null,
                  "duration": 807,
                  "state": "passed",
                  "speed": "fast",
                  "pass": true,
                  "fail": false,
                  "pending": false,
                  "context": null,
                  "code": "contact.taglineMessage().should('be.visible');\ncontact.taglineMessage().should('contain', 'We are optimists who love to work together');",
                  "err": {},
                  "uuid": "9335e1e7-7d3e-4780-b519-39908852f66b",
                  "parentUUID": "494bd595-2115-4e7a-b7f7-fe3b6f5b3fd4",
                  "isHook": false,
                  "skipped": false
                },
                {
                  "title": "Left area of should contain the correct heading",
                  "fullTitle": "Contact Page Url,Tagline,Heading Test Left area of should contain the correct heading",
                  "timedOut": null,
                  "duration": 1011,
                  "state": "passed",
                  "speed": "fast",
                  "pass": true,
                  "fail": false,
                  "pending": false,
                  "context": null,
                  "code": "contact.leftHeading().should('be.visible');\ncontact.leftHeading().should('contain', 'You can find us at:');",
                  "err": {},
                  "uuid": "edfabf9f-8f8b-410b-93d8-ab2bc583b904",
                  "parentUUID": "494bd595-2115-4e7a-b7f7-fe3b6f5b3fd4",
                  "isHook": false,
                  "skipped": false
                },
                {
                  "title": "Right area of should contain the correct heading",
                  "fullTitle": "Contact Page Url,Tagline,Heading Test Right area of should contain the correct heading",
                  "timedOut": null,
                  "duration": 555,
                  "state": "passed",
                  "speed": "fast",
                  "pass": true,
                  "fail": false,
                  "pending": false,
                  "context": null,
                  "code": "contact.rightHeading().should('be.visible');\ncontact.rightHeading().should('contain', \"Let's get in touch:\");",
                  "err": {},
                  "uuid": "265edcd8-daca-4f3c-8267-552e1f92145b",
                  "parentUUID": "494bd595-2115-4e7a-b7f7-fe3b6f5b3fd4",
                  "isHook": false,
                  "skipped": false
                }
              ],
              "suites": [],
              "passes": [
                "5b37ffc5-4338-4880-ac06-449e872cd384",
                "9335e1e7-7d3e-4780-b519-39908852f66b",
                "edfabf9f-8f8b-410b-93d8-ab2bc583b904",
                "265edcd8-daca-4f3c-8267-552e1f92145b"
              ],
              "failures": [],
              "pending": [],
              "skipped": [],
              "duration": 4241,
              "root": false,
              "rootEmpty": false,
              "_timeout": 2000
            },
            {
              "uuid": "a159639e-5b29-44ba-aa57-bb2a1e85bb01",
              "title": "Contact Information Test",
              "fullFile": "",
              "file": "",
              "beforeHooks": [],
              "afterHooks": [],
              "tests": [
                {
                  "title": "Contact information title should contain the correct title",
                  "fullTitle": "Contact Page Contact Information Test Contact information title should contain the correct title",
                  "timedOut": null,
                  "duration": 760,
                  "state": "passed",
                  "speed": "fast",
                  "pass": true,
                  "fail": false,
                  "pending": false,
                  "context": null,
                  "code": "contact.contactInfoTitle().should('be.visible');\ncontact.contactInfoTitle().should('contain', 'You can find us at:');",
                  "err": {},
                  "uuid": "aa424e13-2b55-4bad-bed9-9cf407426d08",
                  "parentUUID": "a159639e-5b29-44ba-aa57-bb2a1e85bb01",
                  "isHook": false,
                  "skipped": false
                },
                {
                  "title": "Email field should contain the correct email address",
                  "fullTitle": "Contact Page Contact Information Test Email field should contain the correct email address",
                  "timedOut": null,
                  "duration": 523,
                  "state": "passed",
                  "speed": "fast",
                  "pass": true,
                  "fail": false,
                  "pending": false,
                  "context": null,
                  "code": "contact.emailField().should('be.visible');\ncontact.emailField().should('contain', 'Ourweddingjourney@gmail.com');",
                  "err": {},
                  "uuid": "e55f5f6f-0fa9-4505-ae0d-57a67a89a964",
                  "parentUUID": "a159639e-5b29-44ba-aa57-bb2a1e85bb01",
                  "isHook": false,
                  "skipped": false
                },
                {
                  "title": "Phone number field should contain the correct number",
                  "fullTitle": "Contact Page Contact Information Test Phone number field should contain the correct number",
                  "timedOut": null,
                  "duration": 478,
                  "state": "passed",
                  "speed": "fast",
                  "pass": true,
                  "fail": false,
                  "pending": false,
                  "context": null,
                  "code": "contact.phoneField().should('be.visible');\ncontact.phoneField().should('contain', '+447307509256');",
                  "err": {},
                  "uuid": "8829fc5a-9bbc-4f8c-8f71-7b4e4930c2ec",
                  "parentUUID": "a159639e-5b29-44ba-aa57-bb2a1e85bb01",
                  "isHook": false,
                  "skipped": false
                },
                {
                  "title": "Location field should contain the correct location",
                  "fullTitle": "Contact Page Contact Information Test Location field should contain the correct location",
                  "timedOut": null,
                  "duration": 1094,
                  "state": "passed",
                  "speed": "fast",
                  "pass": true,
                  "fail": false,
                  "pending": false,
                  "context": null,
                  "code": "contact.locationField().should('be.visible');\ncontact.locationField().should('contain', 'Luton, United Kingdom');",
                  "err": {},
                  "uuid": "6166a141-95ea-40df-91a5-0bf783fc2626",
                  "parentUUID": "a159639e-5b29-44ba-aa57-bb2a1e85bb01",
                  "isHook": false,
                  "skipped": false
                }
              ],
              "suites": [],
              "passes": [
                "aa424e13-2b55-4bad-bed9-9cf407426d08",
                "e55f5f6f-0fa9-4505-ae0d-57a67a89a964",
                "8829fc5a-9bbc-4f8c-8f71-7b4e4930c2ec",
                "6166a141-95ea-40df-91a5-0bf783fc2626"
              ],
              "failures": [],
              "pending": [],
              "skipped": [],
              "duration": 2855,
              "root": false,
              "rootEmpty": false,
              "_timeout": 2000
            },
            {
              "uuid": "4c5ce3c1-0c5c-4f95-9077-5622c0a01cdf",
              "title": "Contact Form Test",
              "fullFile": "",
              "file": "",
              "beforeHooks": [],
              "afterHooks": [],
              "tests": [
                {
                  "title": "Contact form title should contain the correct title",
                  "fullTitle": "Contact Page Contact Form Test Contact form title should contain the correct title",
                  "timedOut": null,
                  "duration": 608,
                  "state": "passed",
                  "speed": "fast",
                  "pass": true,
                  "fail": false,
                  "pending": false,
                  "context": null,
                  "code": "contact.contactFormTitle().should('be.visible');\ncontact.contactFormTitle().should('contain', \"Let's get in touch:\");",
                  "err": {},
                  "uuid": "359ab944-aa03-4055-b2a4-6a9374c6f076",
                  "parentUUID": "4c5ce3c1-0c5c-4f95-9077-5622c0a01cdf",
                  "isHook": false,
                  "skipped": false
                },
                {
                  "title": "Contact form should be submitted successfully with valid inputs",
                  "fullTitle": "Contact Page Contact Form Test Contact form should be submitted successfully with valid inputs",
                  "timedOut": null,
                  "duration": 4209,
                  "state": "passed",
                  "speed": "fast",
                  "pass": true,
                  "fail": false,
                  "pending": false,
                  "context": null,
                  "code": "contact.hisFirstName().should('be.visible');\ncontact.hisFirstName().clear();\ncontact.hisFirstName().type('John');\ncontact.hisLastName().should('be.visible');\ncontact.hisLastName().clear();\ncontact.hisLastName().type('Doe');\ncontact.herFirstName().should('be.visible');\ncontact.herFirstName().clear();\ncontact.herFirstName().type('Sarah');\ncontact.herLastName().should('be.visible');\ncontact.herLastName().clear();\ncontact.herLastName().type('Jane');\ncontact.email().should('be.visible');\ncontact.email().clear();\ncontact.email().type('o.md.abdullahalmamun@gmail.com');\ncontact.sendMessageButton().should('be.visible');\ncontact.sendMessageButton().click();\ncontact.successfulContactMessage().should('be.visible');\ncontact.successfulContactMessage().should('contain', 'Thanks for contacting us! We will be in touch with you shortly.');",
                  "err": {},
                  "uuid": "e6a26450-3bc5-4b75-9fb2-b936fce1ecba",
                  "parentUUID": "4c5ce3c1-0c5c-4f95-9077-5622c0a01cdf",
                  "isHook": false,
                  "skipped": false
                },
                {
                  "title": "Contact form should not be submitted successfully with invalid email",
                  "fullTitle": "Contact Page Contact Form Test Contact form should not be submitted successfully with invalid email",
                  "timedOut": null,
                  "duration": 3335,
                  "state": "passed",
                  "speed": "fast",
                  "pass": true,
                  "fail": false,
                  "pending": false,
                  "context": null,
                  "code": "contact.hisFirstName().should('be.visible');\ncontact.hisFirstName().clear();\ncontact.hisFirstName().type('John');\ncontact.hisLastName().should('be.visible');\ncontact.hisLastName().clear();\ncontact.hisLastName().type('Doe');\ncontact.herFirstName().should('be.visible');\ncontact.herFirstName().clear();\ncontact.herFirstName().type('Sarah');\ncontact.herLastName().should('be.visible');\ncontact.herLastName().clear();\ncontact.herLastName().type('Jane');\ncontact.email().should('be.visible');\ncontact.email().clear();\ncontact.email().type('wrongemail.com');\ncontact.sendMessageButton().should('be.visible');\ncontact.sendMessageButton().click();\ncontact.invalidEmailMessage().should('be.visible');\ncontact.invalidEmailMessage().should('contain', 'Please enter a valid email address.');",
                  "err": {},
                  "uuid": "7fed2006-de43-4e58-bd2b-ccfeb68ed818",
                  "parentUUID": "4c5ce3c1-0c5c-4f95-9077-5622c0a01cdf",
                  "isHook": false,
                  "skipped": false
                },
                {
                  "title": "Contact form should not be submitted successfully with empty email field",
                  "fullTitle": "Contact Page Contact Form Test Contact form should not be submitted successfully with empty email field",
                  "timedOut": null,
                  "duration": 2772,
                  "state": "passed",
                  "speed": "fast",
                  "pass": true,
                  "fail": false,
                  "pending": false,
                  "context": null,
                  "code": "contact.hisFirstName().should('be.visible');\ncontact.hisFirstName().clear();\ncontact.hisFirstName().type('John');\ncontact.hisLastName().should('be.visible');\ncontact.hisLastName().clear();\ncontact.hisLastName().type('Doe');\ncontact.herFirstName().should('be.visible');\ncontact.herFirstName().clear();\ncontact.herFirstName().type('Sarah');\ncontact.herLastName().should('be.visible');\ncontact.herLastName().clear();\ncontact.herLastName().type('Jane');\ncontact.sendMessageButton().click();\ncontact.emptyFieldMessage().should('be.visible');\ncontact.emptyFieldMessage().should('contain', 'This field is required.');",
                  "err": {},
                  "uuid": "e9faef3c-6bd7-49ea-b987-b09ae8f81dea",
                  "parentUUID": "4c5ce3c1-0c5c-4f95-9077-5622c0a01cdf",
                  "isHook": false,
                  "skipped": false
                }
              ],
              "suites": [],
              "passes": [
                "359ab944-aa03-4055-b2a4-6a9374c6f076",
                "e6a26450-3bc5-4b75-9fb2-b936fce1ecba",
                "7fed2006-de43-4e58-bd2b-ccfeb68ed818",
                "e9faef3c-6bd7-49ea-b987-b09ae8f81dea"
              ],
              "failures": [],
              "pending": [],
              "skipped": [],
              "duration": 10924,
              "root": false,
              "rootEmpty": false,
              "_timeout": 2000
            }
          ],
          "passes": [],
          "failures": [],
          "pending": [],
          "skipped": [],
          "duration": 0,
          "root": false,
          "rootEmpty": false,
          "_timeout": 2000
        }
      ],
      "passes": [],
      "failures": [],
      "pending": [],
      "skipped": [],
      "duration": 0,
      "root": true,
      "rootEmpty": true,
      "_timeout": 2000
    },
    {
      "uuid": "2657b78e-edde-47c9-baf7-814f341840fa",
      "title": "",
      "fullFile": "cypress\\e2e\\04_home.spec.js",
      "file": "cypress\\e2e\\04_home.spec.js",
      "beforeHooks": [],
      "afterHooks": [],
      "tests": [],
      "suites": [
        {
          "uuid": "adc16437-b865-4779-b27e-14a3d0fd991d",
          "title": "Title Test",
          "fullFile": "",
          "file": "",
          "beforeHooks": [],
          "afterHooks": [],
          "tests": [],
          "suites": [
            {
              "uuid": "b8077011-06b0-46e2-b345-097ca661b406",
              "title": "Url verification",
              "fullFile": "",
              "file": "",
              "beforeHooks": [],
              "afterHooks": [],
              "tests": [
                {
                  "title": "Title should contain the correct content",
                  "fullTitle": "Title Test Url verification Title should contain the correct content",
                  "timedOut": null,
                  "duration": 2694,
                  "state": "passed",
                  "speed": "fast",
                  "pass": true,
                  "fail": false,
                  "pending": false,
                  "context": null,
                  "code": "cy.title().should('eq', 'OurWeddingJourney');",
                  "err": {},
                  "uuid": "ce5bb0ca-70da-4a42-bf08-3b92ff0e1262",
                  "parentUUID": "b8077011-06b0-46e2-b345-097ca661b406",
                  "isHook": false,
                  "skipped": false
                },
                {
                  "title": "Title should not contain the incorrect content",
                  "fullTitle": "Title Test Url verification Title should not contain the incorrect content",
                  "timedOut": null,
                  "duration": 693,
                  "state": "passed",
                  "speed": "fast",
                  "pass": true,
                  "fail": false,
                  "pending": false,
                  "context": null,
                  "code": "cy.title().should('not.equal', 'wrongtitle');",
                  "err": {},
                  "uuid": "d41b4ab3-281f-4626-9599-b01de64b0e68",
                  "parentUUID": "b8077011-06b0-46e2-b345-097ca661b406",
                  "isHook": false,
                  "skipped": false
                }
              ],
              "suites": [],
              "passes": [
                "ce5bb0ca-70da-4a42-bf08-3b92ff0e1262",
                "d41b4ab3-281f-4626-9599-b01de64b0e68"
              ],
              "failures": [],
              "pending": [],
              "skipped": [],
              "duration": 3387,
              "root": false,
              "rootEmpty": false,
              "_timeout": 2000
            }
          ],
          "passes": [],
          "failures": [],
          "pending": [],
          "skipped": [],
          "duration": 0,
          "root": false,
          "rootEmpty": false,
          "_timeout": 2000
        }
      ],
      "passes": [],
      "failures": [],
      "pending": [],
      "skipped": [],
      "duration": 0,
      "root": true,
      "rootEmpty": true,
      "_timeout": 2000
    },
    {
      "uuid": "4edaa097-091c-4d25-8530-fdb3cd7b4ee9",
      "title": "",
      "fullFile": "cypress\\e2e\\01_signup.spec.js",
      "file": "cypress\\e2e\\01_signup.spec.js",
      "beforeHooks": [],
      "afterHooks": [],
      "tests": [],
      "suites": [
        {
          "uuid": "068f039b-d01b-4512-87f6-6143d6a590d0",
          "title": "Sign Up page test",
          "fullFile": "",
          "file": "",
          "beforeHooks": [],
          "afterHooks": [],
          "tests": [],
          "suites": [
            {
              "uuid": "87880977-28a6-427e-a632-e95a582c9c6e",
              "title": "Url Test",
              "fullFile": "",
              "file": "",
              "beforeHooks": [],
              "afterHooks": [],
              "tests": [
                {
                  "title": "Verify URL of the sign up page",
                  "fullTitle": "Sign Up page test Url Test Verify URL of the sign up page",
                  "timedOut": null,
                  "duration": 2832,
                  "state": "passed",
                  "speed": "fast",
                  "pass": true,
                  "fail": false,
                  "pending": false,
                  "context": null,
                  "code": "cy.url().should('include', 'sign-up');",
                  "err": {},
                  "uuid": "9a03c4dd-ca1e-46f2-96bd-a8476bb1fd25",
                  "parentUUID": "87880977-28a6-427e-a632-e95a582c9c6e",
                  "isHook": false,
                  "skipped": false
                }
              ],
              "suites": [],
              "passes": [
                "9a03c4dd-ca1e-46f2-96bd-a8476bb1fd25"
              ],
              "failures": [],
              "pending": [],
              "skipped": [],
              "duration": 2832,
              "root": false,
              "rootEmpty": false,
              "_timeout": 2000
            },
            {
              "uuid": "91e4ab7b-37b6-43e6-b0d0-5c2a0d9b9c50",
              "title": "Sign up form Test",
              "fullFile": "",
              "file": "",
              "beforeHooks": [],
              "afterHooks": [],
              "tests": [
                {
                  "title": "Sign up function should be worked successfully with valid inputs",
                  "fullTitle": "Sign Up page test Sign up form Test Sign up function should be worked successfully with valid inputs",
                  "timedOut": null,
                  "duration": 4954,
                  "state": "passed",
                  "speed": "fast",
                  "pass": true,
                  "fail": false,
                  "pending": false,
                  "context": null,
                  "code": "signup.firstName().should('be.visible');\nsignup.firstName().clear();\nsignup.firstName().type('Tester2 First Name');\nsignup.lastName().should('be.visible');\nsignup.lastName().clear();\nsignup.lastName().type('Tester2 Last Name');\nsignup.userName().should('be.visible');\nsignup.userName().clear();\nsignup.userName().type('username123');\nsignup.email().should('be.visible');\nsignup.email().clear();\nsignup.email().type('tester1@mailinator.com');\nsignup.phone().should('be.visible');\nsignup.phone().clear();\nsignup.phone().type('07394032549');\nsignup.password().should('be.visible');\nsignup.password().clear();\nsignup.password().type('Tester1Password');\nsignup.street().should('be.visible');\nsignup.street().clear();\nsignup.street().type('Tester2 Street 101');\nsignup.city().should('be.visible');\nsignup.city().clear();\nsignup.city().type('Tester City');\nsignup.zip().should('be.visible');\nsignup.zip().clear();\nsignup.zip().type('TestLu1');\nsignup.registerButton().click();\n//signup.successfulRegistrationMessage().should('contain','Account registration successful. Please check your email inbox to activate your new account.');",
                  "err": {},
                  "uuid": "a3fa6e35-5752-489e-8bed-c2e2014f4f0c",
                  "parentUUID": "91e4ab7b-37b6-43e6-b0d0-5c2a0d9b9c50",
                  "isHook": false,
                  "skipped": false
                },
                {
                  "title": "Sign up function should not be worked successfully with existing email address",
                  "fullTitle": "Sign Up page test Sign up form Test Sign up function should not be worked successfully with existing email address",
                  "timedOut": null,
                  "duration": 6742,
                  "state": "passed",
                  "speed": "medium",
                  "pass": true,
                  "fail": false,
                  "pending": false,
                  "context": null,
                  "code": "signup.firstName().should('be.visible');\nsignup.firstName().clear();\nsignup.firstName().type('Tester2 First Name');\nsignup.lastName().should('be.visible');\nsignup.lastName().clear();\nsignup.lastName().type('Tester2 Last Name');\nsignup.userName().should('be.visible');\nsignup.userName().clear();\nsignup.userName().type('Tester2username');\nsignup.email().should('be.visible');\nsignup.email().clear();\nsignup.email().type('o.md.abdullahalmamun@gmail.com');\nsignup.phone().should('be.visible');\nsignup.phone().clear();\nsignup.phone().type('07394032549');\nsignup.password().should('be.visible');\nsignup.password().clear();\nsignup.password().type('TestPassword');\nsignup.street().should('be.visible');\nsignup.street().clear();\nsignup.street().type('Tester2 Street 102');\nsignup.city().should('be.visible');\nsignup.city().clear();\nsignup.city().type('Tester2 City');\nsignup.zip().should('be.visible');\nsignup.zip().clear();\nsignup.zip().type('TestLu2');\nsignup.registerButton().click();\nsignup.existingEmailMessage().should('contain', 'This email address is already registered.');",
                  "err": {},
                  "uuid": "35250fd3-5120-4653-82d4-7dc6188f6027",
                  "parentUUID": "91e4ab7b-37b6-43e6-b0d0-5c2a0d9b9c50",
                  "isHook": false,
                  "skipped": false
                },
                {
                  "title": "Sign up function should not be worked successfully with invalid email and phone",
                  "fullTitle": "Sign Up page test Sign up form Test Sign up function should not be worked successfully with invalid email and phone",
                  "timedOut": null,
                  "duration": 4079,
                  "state": "passed",
                  "speed": "fast",
                  "pass": true,
                  "fail": false,
                  "pending": false,
                  "context": null,
                  "code": "signup.firstName().should('be.visible');\nsignup.firstName().clear();\nsignup.firstName().type('invalid');\nsignup.lastName().should('be.visible');\nsignup.lastName().clear();\nsignup.lastName().type('invalid');\nsignup.userName().should('be.visible');\nsignup.userName().clear();\nsignup.userName().type('invalid');\nsignup.email().should('be.visible');\nsignup.email().clear();\nsignup.email().type('invalid');\nsignup.phone().should('be.visible');\nsignup.phone().clear();\nsignup.phone().type('invalid');\nsignup.password().should('be.visible');\nsignup.password().clear();\nsignup.password().type('invalid');\nsignup.street().should('be.visible');\nsignup.street().clear();\nsignup.street().type('invalid');\nsignup.city().should('be.visible');\nsignup.city().clear();\nsignup.city().type('invalid');\nsignup.zip().should('be.visible');\nsignup.zip().clear();\nsignup.zip().type('invalid');\nsignup.registerButton().click();",
                  "err": {},
                  "uuid": "c525b851-3ca9-4edd-b148-cb4c666f500b",
                  "parentUUID": "91e4ab7b-37b6-43e6-b0d0-5c2a0d9b9c50",
                  "isHook": false,
                  "skipped": false
                },
                {
                  "title": "Sign up function should not be worked successfully with empty input fields",
                  "fullTitle": "Sign Up page test Sign up form Test Sign up function should not be worked successfully with empty input fields",
                  "timedOut": null,
                  "duration": 1281,
                  "state": "passed",
                  "speed": "fast",
                  "pass": true,
                  "fail": false,
                  "pending": false,
                  "context": null,
                  "code": "signup.registerButton().click();\nsignup.emptyFieldmessage().should('be.visible');\nsignup.emptyFieldmessage().should('contain', 'This field is required. Please enter text.');",
                  "err": {},
                  "uuid": "3cbd43aa-8bff-45f9-8abd-e87b9c627668",
                  "parentUUID": "91e4ab7b-37b6-43e6-b0d0-5c2a0d9b9c50",
                  "isHook": false,
                  "skipped": false
                }
              ],
              "suites": [],
              "passes": [
                "a3fa6e35-5752-489e-8bed-c2e2014f4f0c",
                "35250fd3-5120-4653-82d4-7dc6188f6027",
                "c525b851-3ca9-4edd-b148-cb4c666f500b",
                "3cbd43aa-8bff-45f9-8abd-e87b9c627668"
              ],
              "failures": [],
              "pending": [],
              "skipped": [],
              "duration": 17056,
              "root": false,
              "rootEmpty": false,
              "_timeout": 2000
            }
          ],
          "passes": [],
          "failures": [],
          "pending": [],
          "skipped": [],
          "duration": 0,
          "root": false,
          "rootEmpty": false,
          "_timeout": 2000
        }
      ],
      "passes": [],
      "failures": [],
      "pending": [],
      "skipped": [],
      "duration": 0,
      "root": true,
      "rootEmpty": true,
      "_timeout": 2000
    }
  ],
  "meta": {
    "mocha": {
      "version": "7.0.1"
    },
    "mochawesome": {
      "options": {
        "quiet": false,
        "reportFilename": "mochawesome",
        "saveHtml": false,
        "saveJson": true,
        "consoleReporter": "spec",
        "useInlineDiffs": false,
        "code": true
      },
      "version": "7.1.3"
    },
    "marge": {
      "options": {
        "id": "default",
        "reportDir": "cypress/results/mochawesome",
        "quite": true,
        "overwrite": false,
        "html": false,
        "json": true
      },
      "version": "6.2.0"
    }
  }
}