{
  "stats": {
    "suites": 2,
    "tests": 2,
    "passes": 2,
    "pending": 0,
    "failures": 0,
    "start": "2023-04-15T01:31:32.814Z",
    "end": "2023-04-15T01:31:36.286Z",
    "duration": 3472,
    "testsRegistered": 2,
    "passPercent": 100,
    "pendingPercent": 0,
    "other": 0,
    "hasOther": false,
    "skipped": 0,
    "hasSkipped": false
  },
  "results": [
    {
      "uuid": "2657b78e-edde-47c9-baf7-814f341840fa",
      "title": "",
      "fullFile": "cypress\\e2e\\04_home.spec.js",
      "file": "cypress\\e2e\\04_home.spec.js",
      "beforeHooks": [],
      "afterHooks": [],
      "tests": [],
      "suites": [
        {
          "uuid": "adc16437-b865-4779-b27e-14a3d0fd991d",
          "title": "Title Test",
          "fullFile": "",
          "file": "",
          "beforeHooks": [],
          "afterHooks": [],
          "tests": [],
          "suites": [
            {
              "uuid": "b8077011-06b0-46e2-b345-097ca661b406",
              "title": "Url verification",
              "fullFile": "",
              "file": "",
              "beforeHooks": [],
              "afterHooks": [],
              "tests": [
                {
                  "title": "Title should contain the correct content",
                  "fullTitle": "Title Test Url verification Title should contain the correct content",
                  "timedOut": null,
                  "duration": 2694,
                  "state": "passed",
                  "speed": "fast",
                  "pass": true,
                  "fail": false,
                  "pending": false,
                  "context": null,
                  "code": "cy.title().should('eq', 'OurWeddingJourney');",
                  "err": {},
                  "uuid": "ce5bb0ca-70da-4a42-bf08-3b92ff0e1262",
                  "parentUUID": "b8077011-06b0-46e2-b345-097ca661b406",
                  "isHook": false,
                  "skipped": false
                },
                {
                  "title": "Title should not contain the incorrect content",
                  "fullTitle": "Title Test Url verification Title should not contain the incorrect content",
                  "timedOut": null,
                  "duration": 693,
                  "state": "passed",
                  "speed": "fast",
                  "pass": true,
                  "fail": false,
                  "pending": false,
                  "context": null,
                  "code": "cy.title().should('not.equal', 'wrongtitle');",
                  "err": {},
                  "uuid": "d41b4ab3-281f-4626-9599-b01de64b0e68",
                  "parentUUID": "b8077011-06b0-46e2-b345-097ca661b406",
                  "isHook": false,
                  "skipped": false
                }
              ],
              "suites": [],
              "passes": [
                "ce5bb0ca-70da-4a42-bf08-3b92ff0e1262",
                "d41b4ab3-281f-4626-9599-b01de64b0e68"
              ],
              "failures": [],
              "pending": [],
              "skipped": [],
              "duration": 3387,
              "root": false,
              "rootEmpty": false,
              "_timeout": 2000
            }
          ],
          "passes": [],
          "failures": [],
          "pending": [],
          "skipped": [],
          "duration": 0,
          "root": false,
          "rootEmpty": false,
          "_timeout": 2000
        }
      ],
      "passes": [],
      "failures": [],
      "pending": [],
      "skipped": [],
      "duration": 0,
      "root": true,
      "rootEmpty": true,
      "_timeout": 2000
    }
  ],
  "meta": {
    "mocha": {
      "version": "7.0.1"
    },
    "mochawesome": {
      "options": {
        "quiet": false,
        "reportFilename": "mochawesome",
        "saveHtml": false,
        "saveJson": true,
        "consoleReporter": "spec",
        "useInlineDiffs": false,
        "code": true
      },
      "version": "7.1.3"
    },
    "marge": {
      "options": {
        "id": "default",
        "reportDir": "cypress/results/mochawesome",
        "quite": true,
        "overwrite": false,
        "html": false,
        "json": true
      },
      "version": "6.2.0"
    }
  }
}