{
  "stats": {
    "suites": 3,
    "tests": 6,
    "passes": 6,
    "pending": 0,
    "failures": 0,
    "start": "2023-04-15T01:30:48.210Z",
    "end": "2023-04-15T01:31:02.610Z",
    "duration": 14400,
    "testsRegistered": 6,
    "passPercent": 100,
    "pendingPercent": 0,
    "other": 0,
    "hasOther": false,
    "skipped": 0,
    "hasSkipped": false
  },
  "results": [
    {
      "uuid": "d006f37f-0e95-4a7b-b78c-aad9bcd640ed",
      "title": "",
      "fullFile": "cypress\\e2e\\02_login.spec.js",
      "file": "cypress\\e2e\\02_login.spec.js",
      "beforeHooks": [],
      "afterHooks": [],
      "tests": [],
      "suites": [
        {
          "uuid": "cb6e1d94-5964-4d20-b007-ecd527911ae1",
          "title": "Login page test",
          "fullFile": "",
          "file": "",
          "beforeHooks": [],
          "afterHooks": [],
          "tests": [],
          "suites": [
            {
              "uuid": "a2623c5e-fbaa-4148-b1f5-8fd27f352517",
              "title": "Url Test",
              "fullFile": "",
              "file": "",
              "beforeHooks": [],
              "afterHooks": [],
              "tests": [
                {
                  "title": "Verify URL of the login page",
                  "fullTitle": "Login page test Url Test Verify URL of the login page",
                  "timedOut": null,
                  "duration": 2435,
                  "state": "passed",
                  "speed": "fast",
                  "pass": true,
                  "fail": false,
                  "pending": false,
                  "context": null,
                  "code": "cy.url().should('include', 'login');",
                  "err": {},
                  "uuid": "d5ca5994-d8ef-4d78-aa24-9c55df159441",
                  "parentUUID": "a2623c5e-fbaa-4148-b1f5-8fd27f352517",
                  "isHook": false,
                  "skipped": false
                }
              ],
              "suites": [],
              "passes": [
                "d5ca5994-d8ef-4d78-aa24-9c55df159441"
              ],
              "failures": [],
              "pending": [],
              "skipped": [],
              "duration": 2435,
              "root": false,
              "rootEmpty": false,
              "_timeout": 2000
            },
            {
              "uuid": "f0fc3cde-b0cf-4b3c-aa52-84e84355a5f4",
              "title": "Login Functionality Test",
              "fullFile": "",
              "file": "",
              "beforeHooks": [],
              "afterHooks": [],
              "tests": [
                {
                  "title": "Login function should be worked successfully with valid inputs",
                  "fullTitle": "Login page test Login Functionality Test Login function should be worked successfully with valid inputs",
                  "timedOut": null,
                  "duration": 3542,
                  "state": "passed",
                  "speed": "fast",
                  "pass": true,
                  "fail": false,
                  "pending": false,
                  "context": null,
                  "code": "login.email().should('be.visible');\nlogin.email().clear();\nlogin.email().type('o.md.abdullahalmamun@gmail.com');\nlogin.password().should('be.visible');\nlogin.password().clear();\nlogin.password().type('10.mamun.30');\nlogin.loginButton().should('be.visible');\nlogin.loginButton().click();\nlogin.successfulLoginMessage().should('be.visible');\nlogin.successfulLoginMessage().should('contain', 'Booking your wedding');",
                  "err": {},
                  "uuid": "55dc0f70-00bc-4182-940e-f20dd8f8f6a6",
                  "parentUUID": "f0fc3cde-b0cf-4b3c-aa52-84e84355a5f4",
                  "isHook": false,
                  "skipped": false
                },
                {
                  "title": "Login function should not be worked successfully with incorrect inputs",
                  "fullTitle": "Login page test Login Functionality Test Login function should not be worked successfully with incorrect inputs",
                  "timedOut": null,
                  "duration": 2368,
                  "state": "passed",
                  "speed": "fast",
                  "pass": true,
                  "fail": false,
                  "pending": false,
                  "context": null,
                  "code": "login.email().should('be.visible');\nlogin.email().clear();\nlogin.email().type('o.md.abdullahalmamun@gmail.com');\nlogin.password().should('be.visible');\nlogin.password().clear();\nlogin.password().type('wrongpassword');\nlogin.loginButton().should('be.visible');\nlogin.loginButton().click();\nlogin.incorrectPasswordMessage().should('be.visible');\nlogin.incorrectPasswordMessage().should('contain', 'Error: The password you entered for the email address');",
                  "err": {},
                  "uuid": "512942fd-80a1-41ea-b386-3cb058b5bab5",
                  "parentUUID": "f0fc3cde-b0cf-4b3c-aa52-84e84355a5f4",
                  "isHook": false,
                  "skipped": false
                },
                {
                  "title": "Login function should not be worked successfully with empty input fields",
                  "fullTitle": "Login page test Login Functionality Test Login function should not be worked successfully with empty input fields",
                  "timedOut": null,
                  "duration": 1407,
                  "state": "passed",
                  "speed": "fast",
                  "pass": true,
                  "fail": false,
                  "pending": false,
                  "context": null,
                  "code": "login.email().should('be.visible');\nlogin.email().clear();\nlogin.email().type('o.md.abdullahalmamun@gmail.com');\nlogin.loginButton().should('be.visible');\nlogin.loginButton().click();\nlogin.emptyPasswordFieldMessage().should('contain', 'Your password is required');",
                  "err": {},
                  "uuid": "b337ceb6-8997-4b37-bd4f-bae36f0b19a4",
                  "parentUUID": "f0fc3cde-b0cf-4b3c-aa52-84e84355a5f4",
                  "isHook": false,
                  "skipped": false
                },
                {
                  "title": "Lost password function should be worked successfully",
                  "fullTitle": "Login page test Login Functionality Test Lost password function should be worked successfully",
                  "timedOut": null,
                  "duration": 2603,
                  "state": "passed",
                  "speed": "fast",
                  "pass": true,
                  "fail": false,
                  "pending": false,
                  "context": null,
                  "code": "login.navigateToLostPassword();\nlogin.resetEmail().should('be.visible');\nlogin.resetEmail().clear();\nlogin.resetEmail().type('theytogether');\nlogin.getNewPassword().should('be.visible');\nlogin.getNewPassword().click();\nlogin.successfulResetMessage().should('be.visible');\nlogin.successfulResetMessage().should('contain', 'Check your email for the confirmation link');",
                  "err": {},
                  "uuid": "ca20c8c2-0472-4f36-ab78-06a3ad8b4dfb",
                  "parentUUID": "f0fc3cde-b0cf-4b3c-aa52-84e84355a5f4",
                  "isHook": false,
                  "skipped": false
                },
                {
                  "title": "Lost password function should not be worked successfully with non existing account",
                  "fullTitle": "Login page test Login Functionality Test Lost password function should not be worked successfully with non existing account",
                  "timedOut": null,
                  "duration": 1953,
                  "state": "passed",
                  "speed": "fast",
                  "pass": true,
                  "fail": false,
                  "pending": false,
                  "context": null,
                  "code": "login.navigateToLostPassword();\nlogin.resetEmail().should('be.visible');\nlogin.resetEmail().clear();\nlogin.resetEmail().type('tester1@mailinator.com');\nlogin.getNewPassword().should('be.visible');\nlogin.getNewPassword().click();\nlogin.nonExistingAccountMessage().should('be.visible');\nlogin.nonExistingAccountMessage().should('contain', 'Error: There is no account with that username or email address.');",
                  "err": {},
                  "uuid": "74472821-efa4-4dea-898e-a4a8ed13f1d5",
                  "parentUUID": "f0fc3cde-b0cf-4b3c-aa52-84e84355a5f4",
                  "isHook": false,
                  "skipped": false
                }
              ],
              "suites": [],
              "passes": [
                "55dc0f70-00bc-4182-940e-f20dd8f8f6a6",
                "512942fd-80a1-41ea-b386-3cb058b5bab5",
                "b337ceb6-8997-4b37-bd4f-bae36f0b19a4",
                "ca20c8c2-0472-4f36-ab78-06a3ad8b4dfb",
                "74472821-efa4-4dea-898e-a4a8ed13f1d5"
              ],
              "failures": [],
              "pending": [],
              "skipped": [],
              "duration": 11873,
              "root": false,
              "rootEmpty": false,
              "_timeout": 2000
            }
          ],
          "passes": [],
          "failures": [],
          "pending": [],
          "skipped": [],
          "duration": 0,
          "root": false,
          "rootEmpty": false,
          "_timeout": 2000
        }
      ],
      "passes": [],
      "failures": [],
      "pending": [],
      "skipped": [],
      "duration": 0,
      "root": true,
      "rootEmpty": true,
      "_timeout": 2000
    }
  ],
  "meta": {
    "mocha": {
      "version": "7.0.1"
    },
    "mochawesome": {
      "options": {
        "quiet": false,
        "reportFilename": "mochawesome",
        "saveHtml": false,
        "saveJson": true,
        "consoleReporter": "spec",
        "useInlineDiffs": false,
        "code": true
      },
      "version": "7.1.3"
    },
    "marge": {
      "options": {
        "id": "default",
        "reportDir": "cypress/results/mochawesome",
        "quite": true,
        "overwrite": false,
        "html": false,
        "json": true
      },
      "version": "6.2.0"
    }
  }
}