{
  "stats": {
    "suites": 4,
    "tests": 12,
    "passes": 12,
    "pending": 0,
    "failures": 0,
    "start": "2023-03-19T20:18:33.270Z",
    "end": "2023-03-19T20:18:53.129Z",
    "duration": 19859,
    "testsRegistered": 12,
    "passPercent": 100,
    "pendingPercent": 0,
    "other": 0,
    "hasOther": false,
    "skipped": 0,
    "hasSkipped": false
  },
  "results": [
    {
      "uuid": "4b82fabe-2d37-4bf0-9137-21f3c9a33b99",
      "title": "",
      "fullFile": "cypress\\e2e\\03_contact.spec.js",
      "file": "cypress\\e2e\\03_contact.spec.js",
      "beforeHooks": [],
      "afterHooks": [],
      "tests": [],
      "suites": [
        {
          "uuid": "852215f5-e247-43c6-912a-869ae9328e7a",
          "title": "Contact Page",
          "fullFile": "",
          "file": "",
          "beforeHooks": [],
          "afterHooks": [],
          "tests": [],
          "suites": [
            {
              "uuid": "b4a81a49-cced-446e-88da-6fddbf3ed6aa",
              "title": "Url,Tagline,Heading Test",
              "fullFile": "",
              "file": "",
              "beforeHooks": [],
              "afterHooks": [],
              "tests": [
                {
                  "title": "Url should contain the correct content",
                  "fullTitle": "Contact Page Url,Tagline,Heading Test Url should contain the correct content",
                  "timedOut": null,
                  "duration": 2825,
                  "state": "passed",
                  "speed": "fast",
                  "pass": true,
                  "fail": false,
                  "pending": false,
                  "context": null,
                  "code": "cy.url().should('contain', 'contact');",
                  "err": {},
                  "uuid": "8a962fee-a7bd-440e-80e5-7658c7498a5d",
                  "parentUUID": "b4a81a49-cced-446e-88da-6fddbf3ed6aa",
                  "isHook": false,
                  "skipped": false
                },
                {
                  "title": "Tagline should contain the correct content",
                  "fullTitle": "Contact Page Url,Tagline,Heading Test Tagline should contain the correct content",
                  "timedOut": null,
                  "duration": 856,
                  "state": "passed",
                  "speed": "fast",
                  "pass": true,
                  "fail": false,
                  "pending": false,
                  "context": null,
                  "code": "contact.taglineMessage().should('be.visible');\ncontact.taglineMessage().should('contain', 'We are optimists who love to work together');",
                  "err": {},
                  "uuid": "1d62d2de-56a1-4bf6-a3f0-6313222fdbf5",
                  "parentUUID": "b4a81a49-cced-446e-88da-6fddbf3ed6aa",
                  "isHook": false,
                  "skipped": false
                },
                {
                  "title": "Left area of should contain the correct heading",
                  "fullTitle": "Contact Page Url,Tagline,Heading Test Left area of should contain the correct heading",
                  "timedOut": null,
                  "duration": 768,
                  "state": "passed",
                  "speed": "fast",
                  "pass": true,
                  "fail": false,
                  "pending": false,
                  "context": null,
                  "code": "contact.leftHeading().should('be.visible');\ncontact.leftHeading().should('contain', 'You can find us at:');",
                  "err": {},
                  "uuid": "cddb9532-7afd-4173-a350-d61471cccaab",
                  "parentUUID": "b4a81a49-cced-446e-88da-6fddbf3ed6aa",
                  "isHook": false,
                  "skipped": false
                },
                {
                  "title": "Right area of should contain the correct heading",
                  "fullTitle": "Contact Page Url,Tagline,Heading Test Right area of should contain the correct heading",
                  "timedOut": null,
                  "duration": 703,
                  "state": "passed",
                  "speed": "fast",
                  "pass": true,
                  "fail": false,
                  "pending": false,
                  "context": null,
                  "code": "contact.rightHeading().should('be.visible');\ncontact.rightHeading().should('contain', \"Let's get in touch:\");",
                  "err": {},
                  "uuid": "464763b0-7d43-488f-af53-30793cf9edb0",
                  "parentUUID": "b4a81a49-cced-446e-88da-6fddbf3ed6aa",
                  "isHook": false,
                  "skipped": false
                }
              ],
              "suites": [],
              "passes": [
                "8a962fee-a7bd-440e-80e5-7658c7498a5d",
                "1d62d2de-56a1-4bf6-a3f0-6313222fdbf5",
                "cddb9532-7afd-4173-a350-d61471cccaab",
                "464763b0-7d43-488f-af53-30793cf9edb0"
              ],
              "failures": [],
              "pending": [],
              "skipped": [],
              "duration": 5152,
              "root": false,
              "rootEmpty": false,
              "_timeout": 2000
            },
            {
              "uuid": "c6723ea0-1610-4f79-940f-e652d82f41a2",
              "title": "Contact Information Test",
              "fullFile": "",
              "file": "",
              "beforeHooks": [],
              "afterHooks": [],
              "tests": [
                {
                  "title": "Contact information title should contain the correct title",
                  "fullTitle": "Contact Page Contact Information Test Contact information title should contain the correct title",
                  "timedOut": null,
                  "duration": 747,
                  "state": "passed",
                  "speed": "fast",
                  "pass": true,
                  "fail": false,
                  "pending": false,
                  "context": null,
                  "code": "contact.contactInfoTitle().should('be.visible');\ncontact.contactInfoTitle().should('contain', 'You can find us at:');",
                  "err": {},
                  "uuid": "40cf6163-f6c2-49f6-8a3b-d96be7bc8acb",
                  "parentUUID": "c6723ea0-1610-4f79-940f-e652d82f41a2",
                  "isHook": false,
                  "skipped": false
                },
                {
                  "title": "Email field should contain the correct email address",
                  "fullTitle": "Contact Page Contact Information Test Email field should contain the correct email address",
                  "timedOut": null,
                  "duration": 1005,
                  "state": "passed",
                  "speed": "fast",
                  "pass": true,
                  "fail": false,
                  "pending": false,
                  "context": null,
                  "code": "contact.emailField().should('be.visible');\ncontact.emailField().should('contain', 'Ourweddingjourney@gmail.com');",
                  "err": {},
                  "uuid": "47a5cc5b-85ed-4646-915d-5f720db9530d",
                  "parentUUID": "c6723ea0-1610-4f79-940f-e652d82f41a2",
                  "isHook": false,
                  "skipped": false
                },
                {
                  "title": "Phone number field should contain the correct number",
                  "fullTitle": "Contact Page Contact Information Test Phone number field should contain the correct number",
                  "timedOut": null,
                  "duration": 540,
                  "state": "passed",
                  "speed": "fast",
                  "pass": true,
                  "fail": false,
                  "pending": false,
                  "context": null,
                  "code": "contact.phoneField().should('be.visible');\ncontact.phoneField().should('contain', '+447307509256');",
                  "err": {},
                  "uuid": "3ad2ad02-354d-4ce7-b10b-797adbd4c518",
                  "parentUUID": "c6723ea0-1610-4f79-940f-e652d82f41a2",
                  "isHook": false,
                  "skipped": false
                },
                {
                  "title": "Location field should contain the correct location",
                  "fullTitle": "Contact Page Contact Information Test Location field should contain the correct location",
                  "timedOut": null,
                  "duration": 693,
                  "state": "passed",
                  "speed": "fast",
                  "pass": true,
                  "fail": false,
                  "pending": false,
                  "context": null,
                  "code": "contact.locationField().should('be.visible');\ncontact.locationField().should('contain', 'Luton, United Kingdom');",
                  "err": {},
                  "uuid": "976e33ec-703f-47e5-bd47-e569ff9ebeb6",
                  "parentUUID": "c6723ea0-1610-4f79-940f-e652d82f41a2",
                  "isHook": false,
                  "skipped": false
                }
              ],
              "suites": [],
              "passes": [
                "40cf6163-f6c2-49f6-8a3b-d96be7bc8acb",
                "47a5cc5b-85ed-4646-915d-5f720db9530d",
                "3ad2ad02-354d-4ce7-b10b-797adbd4c518",
                "976e33ec-703f-47e5-bd47-e569ff9ebeb6"
              ],
              "failures": [],
              "pending": [],
              "skipped": [],
              "duration": 2985,
              "root": false,
              "rootEmpty": false,
              "_timeout": 2000
            },
            {
              "uuid": "65bcce34-ca6b-45ec-9da0-f93207658b5d",
              "title": "Contact Form Test",
              "fullFile": "",
              "file": "",
              "beforeHooks": [],
              "afterHooks": [],
              "tests": [
                {
                  "title": "Contact form title should contain the correct title",
                  "fullTitle": "Contact Page Contact Form Test Contact form title should contain the correct title",
                  "timedOut": null,
                  "duration": 577,
                  "state": "passed",
                  "speed": "fast",
                  "pass": true,
                  "fail": false,
                  "pending": false,
                  "context": null,
                  "code": "contact.contactFormTitle().should('be.visible');\ncontact.contactFormTitle().should('contain', \"Let's get in touch:\");",
                  "err": {},
                  "uuid": "93105918-14d7-40d5-befb-682bdbdf932e",
                  "parentUUID": "65bcce34-ca6b-45ec-9da0-f93207658b5d",
                  "isHook": false,
                  "skipped": false
                },
                {
                  "title": "Contact form should be submitted successfully with valid inputs",
                  "fullTitle": "Contact Page Contact Form Test Contact form should be submitted successfully with valid inputs",
                  "timedOut": null,
                  "duration": 3999,
                  "state": "passed",
                  "speed": "fast",
                  "pass": true,
                  "fail": false,
                  "pending": false,
                  "context": null,
                  "code": "contact.hisFirstName().should('be.visible');\ncontact.hisFirstName().clear();\ncontact.hisFirstName().type('John');\ncontact.hisLastName().should('be.visible');\ncontact.hisLastName().clear();\ncontact.hisLastName().type('Doe');\ncontact.herFirstName().should('be.visible');\ncontact.herFirstName().clear();\ncontact.herFirstName().type('Sarah');\ncontact.herLastName().should('be.visible');\ncontact.herLastName().clear();\ncontact.herLastName().type('Jane');\ncontact.email().should('be.visible');\ncontact.email().clear();\ncontact.email().type('o.md.abdullahalmamun@gmail.com');\ncontact.sendMessageButton().should('be.visible');\ncontact.sendMessageButton().click();\ncontact.successfulContactMessage().should('be.visible');\ncontact.successfulContactMessage().should('contain', 'Thanks for contacting us! We will be in touch with you shortly.');",
                  "err": {},
                  "uuid": "7a4ecf1b-c42c-4329-baf2-3aad47f4e653",
                  "parentUUID": "65bcce34-ca6b-45ec-9da0-f93207658b5d",
                  "isHook": false,
                  "skipped": false
                },
                {
                  "title": "Contact form should not be submitted successfully with invalid email",
                  "fullTitle": "Contact Page Contact Form Test Contact form should not be submitted successfully with invalid email",
                  "timedOut": null,
                  "duration": 3482,
                  "state": "passed",
                  "speed": "fast",
                  "pass": true,
                  "fail": false,
                  "pending": false,
                  "context": null,
                  "code": "contact.hisFirstName().should('be.visible');\ncontact.hisFirstName().clear();\ncontact.hisFirstName().type('John');\ncontact.hisLastName().should('be.visible');\ncontact.hisLastName().clear();\ncontact.hisLastName().type('Doe');\ncontact.herFirstName().should('be.visible');\ncontact.herFirstName().clear();\ncontact.herFirstName().type('Sarah');\ncontact.herLastName().should('be.visible');\ncontact.herLastName().clear();\ncontact.herLastName().type('Jane');\ncontact.email().should('be.visible');\ncontact.email().clear();\ncontact.email().type('wrongemail.com');\ncontact.sendMessageButton().should('be.visible');\ncontact.sendMessageButton().click();\ncontact.invalidEmailMessage().should('be.visible');\ncontact.invalidEmailMessage().should('contain', 'Please enter a valid email address.');",
                  "err": {},
                  "uuid": "b1f196a0-594a-47dd-98c9-6a432477efa3",
                  "parentUUID": "65bcce34-ca6b-45ec-9da0-f93207658b5d",
                  "isHook": false,
                  "skipped": false
                },
                {
                  "title": "Contact form should not be submitted successfully with empty email field",
                  "fullTitle": "Contact Page Contact Form Test Contact form should not be submitted successfully with empty email field",
                  "timedOut": null,
                  "duration": 3445,
                  "state": "passed",
                  "speed": "fast",
                  "pass": true,
                  "fail": false,
                  "pending": false,
                  "context": null,
                  "code": "contact.hisFirstName().should('be.visible');\ncontact.hisFirstName().clear();\ncontact.hisFirstName().type('John');\ncontact.hisLastName().should('be.visible');\ncontact.hisLastName().clear();\ncontact.hisLastName().type('Doe');\ncontact.herFirstName().should('be.visible');\ncontact.herFirstName().clear();\ncontact.herFirstName().type('Sarah');\ncontact.herLastName().should('be.visible');\ncontact.herLastName().clear();\ncontact.herLastName().type('Jane');\ncontact.sendMessageButton().click();\ncontact.emptyFieldMessage().should('be.visible');\ncontact.emptyFieldMessage().should('contain', 'This field is required.');",
                  "err": {},
                  "uuid": "1db78299-bb7b-452d-a3ba-d8e26fa90311",
                  "parentUUID": "65bcce34-ca6b-45ec-9da0-f93207658b5d",
                  "isHook": false,
                  "skipped": false
                }
              ],
              "suites": [],
              "passes": [
                "93105918-14d7-40d5-befb-682bdbdf932e",
                "7a4ecf1b-c42c-4329-baf2-3aad47f4e653",
                "b1f196a0-594a-47dd-98c9-6a432477efa3",
                "1db78299-bb7b-452d-a3ba-d8e26fa90311"
              ],
              "failures": [],
              "pending": [],
              "skipped": [],
              "duration": 11503,
              "root": false,
              "rootEmpty": false,
              "_timeout": 2000
            }
          ],
          "passes": [],
          "failures": [],
          "pending": [],
          "skipped": [],
          "duration": 0,
          "root": false,
          "rootEmpty": false,
          "_timeout": 2000
        }
      ],
      "passes": [],
      "failures": [],
      "pending": [],
      "skipped": [],
      "duration": 0,
      "root": true,
      "rootEmpty": true,
      "_timeout": 2000
    }
  ],
  "meta": {
    "mocha": {
      "version": "7.0.1"
    },
    "mochawesome": {
      "options": {
        "quiet": false,
        "reportFilename": "mochawesome",
        "saveHtml": false,
        "saveJson": true,
        "consoleReporter": "spec",
        "useInlineDiffs": false,
        "code": true
      },
      "version": "7.1.3"
    },
    "marge": {
      "options": {
        "id": "default",
        "reportDir": "cypress/results/mochawesome",
        "quite": true,
        "overwrite": false,
        "html": false,
        "json": true
      },
      "version": "6.2.0"
    }
  }
}