{
  "stats": {
    "suites": 4,
    "tests": 12,
    "passes": 12,
    "pending": 0,
    "failures": 0,
    "start": "2023-04-15T01:31:07.301Z",
    "end": "2023-04-15T01:31:25.516Z",
    "duration": 18215,
    "testsRegistered": 12,
    "passPercent": 100,
    "pendingPercent": 0,
    "other": 0,
    "hasOther": false,
    "skipped": 0,
    "hasSkipped": false
  },
  "results": [
    {
      "uuid": "fafa71b1-0203-4ba6-8c8c-7831724dceea",
      "title": "",
      "fullFile": "cypress\\e2e\\03_contact.spec.js",
      "file": "cypress\\e2e\\03_contact.spec.js",
      "beforeHooks": [],
      "afterHooks": [],
      "tests": [],
      "suites": [
        {
          "uuid": "78d56f8e-09d7-458e-8025-9569478926c8",
          "title": "Contact Page",
          "fullFile": "",
          "file": "",
          "beforeHooks": [],
          "afterHooks": [],
          "tests": [],
          "suites": [
            {
              "uuid": "494bd595-2115-4e7a-b7f7-fe3b6f5b3fd4",
              "title": "Url,Tagline,Heading Test",
              "fullFile": "",
              "file": "",
              "beforeHooks": [],
              "afterHooks": [],
              "tests": [
                {
                  "title": "Url should contain the correct content",
                  "fullTitle": "Contact Page Url,Tagline,Heading Test Url should contain the correct content",
                  "timedOut": null,
                  "duration": 1868,
                  "state": "passed",
                  "speed": "fast",
                  "pass": true,
                  "fail": false,
                  "pending": false,
                  "context": null,
                  "code": "cy.url().should('contain', 'contact');",
                  "err": {},
                  "uuid": "5b37ffc5-4338-4880-ac06-449e872cd384",
                  "parentUUID": "494bd595-2115-4e7a-b7f7-fe3b6f5b3fd4",
                  "isHook": false,
                  "skipped": false
                },
                {
                  "title": "Tagline should contain the correct content",
                  "fullTitle": "Contact Page Url,Tagline,Heading Test Tagline should contain the correct content",
                  "timedOut": null,
                  "duration": 807,
                  "state": "passed",
                  "speed": "fast",
                  "pass": true,
                  "fail": false,
                  "pending": false,
                  "context": null,
                  "code": "contact.taglineMessage().should('be.visible');\ncontact.taglineMessage().should('contain', 'We are optimists who love to work together');",
                  "err": {},
                  "uuid": "9335e1e7-7d3e-4780-b519-39908852f66b",
                  "parentUUID": "494bd595-2115-4e7a-b7f7-fe3b6f5b3fd4",
                  "isHook": false,
                  "skipped": false
                },
                {
                  "title": "Left area of should contain the correct heading",
                  "fullTitle": "Contact Page Url,Tagline,Heading Test Left area of should contain the correct heading",
                  "timedOut": null,
                  "duration": 1011,
                  "state": "passed",
                  "speed": "fast",
                  "pass": true,
                  "fail": false,
                  "pending": false,
                  "context": null,
                  "code": "contact.leftHeading().should('be.visible');\ncontact.leftHeading().should('contain', 'You can find us at:');",
                  "err": {},
                  "uuid": "edfabf9f-8f8b-410b-93d8-ab2bc583b904",
                  "parentUUID": "494bd595-2115-4e7a-b7f7-fe3b6f5b3fd4",
                  "isHook": false,
                  "skipped": false
                },
                {
                  "title": "Right area of should contain the correct heading",
                  "fullTitle": "Contact Page Url,Tagline,Heading Test Right area of should contain the correct heading",
                  "timedOut": null,
                  "duration": 555,
                  "state": "passed",
                  "speed": "fast",
                  "pass": true,
                  "fail": false,
                  "pending": false,
                  "context": null,
                  "code": "contact.rightHeading().should('be.visible');\ncontact.rightHeading().should('contain', \"Let's get in touch:\");",
                  "err": {},
                  "uuid": "265edcd8-daca-4f3c-8267-552e1f92145b",
                  "parentUUID": "494bd595-2115-4e7a-b7f7-fe3b6f5b3fd4",
                  "isHook": false,
                  "skipped": false
                }
              ],
              "suites": [],
              "passes": [
                "5b37ffc5-4338-4880-ac06-449e872cd384",
                "9335e1e7-7d3e-4780-b519-39908852f66b",
                "edfabf9f-8f8b-410b-93d8-ab2bc583b904",
                "265edcd8-daca-4f3c-8267-552e1f92145b"
              ],
              "failures": [],
              "pending": [],
              "skipped": [],
              "duration": 4241,
              "root": false,
              "rootEmpty": false,
              "_timeout": 2000
            },
            {
              "uuid": "a159639e-5b29-44ba-aa57-bb2a1e85bb01",
              "title": "Contact Information Test",
              "fullFile": "",
              "file": "",
              "beforeHooks": [],
              "afterHooks": [],
              "tests": [
                {
                  "title": "Contact information title should contain the correct title",
                  "fullTitle": "Contact Page Contact Information Test Contact information title should contain the correct title",
                  "timedOut": null,
                  "duration": 760,
                  "state": "passed",
                  "speed": "fast",
                  "pass": true,
                  "fail": false,
                  "pending": false,
                  "context": null,
                  "code": "contact.contactInfoTitle().should('be.visible');\ncontact.contactInfoTitle().should('contain', 'You can find us at:');",
                  "err": {},
                  "uuid": "aa424e13-2b55-4bad-bed9-9cf407426d08",
                  "parentUUID": "a159639e-5b29-44ba-aa57-bb2a1e85bb01",
                  "isHook": false,
                  "skipped": false
                },
                {
                  "title": "Email field should contain the correct email address",
                  "fullTitle": "Contact Page Contact Information Test Email field should contain the correct email address",
                  "timedOut": null,
                  "duration": 523,
                  "state": "passed",
                  "speed": "fast",
                  "pass": true,
                  "fail": false,
                  "pending": false,
                  "context": null,
                  "code": "contact.emailField().should('be.visible');\ncontact.emailField().should('contain', 'Ourweddingjourney@gmail.com');",
                  "err": {},
                  "uuid": "e55f5f6f-0fa9-4505-ae0d-57a67a89a964",
                  "parentUUID": "a159639e-5b29-44ba-aa57-bb2a1e85bb01",
                  "isHook": false,
                  "skipped": false
                },
                {
                  "title": "Phone number field should contain the correct number",
                  "fullTitle": "Contact Page Contact Information Test Phone number field should contain the correct number",
                  "timedOut": null,
                  "duration": 478,
                  "state": "passed",
                  "speed": "fast",
                  "pass": true,
                  "fail": false,
                  "pending": false,
                  "context": null,
                  "code": "contact.phoneField().should('be.visible');\ncontact.phoneField().should('contain', '+447307509256');",
                  "err": {},
                  "uuid": "8829fc5a-9bbc-4f8c-8f71-7b4e4930c2ec",
                  "parentUUID": "a159639e-5b29-44ba-aa57-bb2a1e85bb01",
                  "isHook": false,
                  "skipped": false
                },
                {
                  "title": "Location field should contain the correct location",
                  "fullTitle": "Contact Page Contact Information Test Location field should contain the correct location",
                  "timedOut": null,
                  "duration": 1094,
                  "state": "passed",
                  "speed": "fast",
                  "pass": true,
                  "fail": false,
                  "pending": false,
                  "context": null,
                  "code": "contact.locationField().should('be.visible');\ncontact.locationField().should('contain', 'Luton, United Kingdom');",
                  "err": {},
                  "uuid": "6166a141-95ea-40df-91a5-0bf783fc2626",
                  "parentUUID": "a159639e-5b29-44ba-aa57-bb2a1e85bb01",
                  "isHook": false,
                  "skipped": false
                }
              ],
              "suites": [],
              "passes": [
                "aa424e13-2b55-4bad-bed9-9cf407426d08",
                "e55f5f6f-0fa9-4505-ae0d-57a67a89a964",
                "8829fc5a-9bbc-4f8c-8f71-7b4e4930c2ec",
                "6166a141-95ea-40df-91a5-0bf783fc2626"
              ],
              "failures": [],
              "pending": [],
              "skipped": [],
              "duration": 2855,
              "root": false,
              "rootEmpty": false,
              "_timeout": 2000
            },
            {
              "uuid": "4c5ce3c1-0c5c-4f95-9077-5622c0a01cdf",
              "title": "Contact Form Test",
              "fullFile": "",
              "file": "",
              "beforeHooks": [],
              "afterHooks": [],
              "tests": [
                {
                  "title": "Contact form title should contain the correct title",
                  "fullTitle": "Contact Page Contact Form Test Contact form title should contain the correct title",
                  "timedOut": null,
                  "duration": 608,
                  "state": "passed",
                  "speed": "fast",
                  "pass": true,
                  "fail": false,
                  "pending": false,
                  "context": null,
                  "code": "contact.contactFormTitle().should('be.visible');\ncontact.contactFormTitle().should('contain', \"Let's get in touch:\");",
                  "err": {},
                  "uuid": "359ab944-aa03-4055-b2a4-6a9374c6f076",
                  "parentUUID": "4c5ce3c1-0c5c-4f95-9077-5622c0a01cdf",
                  "isHook": false,
                  "skipped": false
                },
                {
                  "title": "Contact form should be submitted successfully with valid inputs",
                  "fullTitle": "Contact Page Contact Form Test Contact form should be submitted successfully with valid inputs",
                  "timedOut": null,
                  "duration": 4209,
                  "state": "passed",
                  "speed": "fast",
                  "pass": true,
                  "fail": false,
                  "pending": false,
                  "context": null,
                  "code": "contact.hisFirstName().should('be.visible');\ncontact.hisFirstName().clear();\ncontact.hisFirstName().type('John');\ncontact.hisLastName().should('be.visible');\ncontact.hisLastName().clear();\ncontact.hisLastName().type('Doe');\ncontact.herFirstName().should('be.visible');\ncontact.herFirstName().clear();\ncontact.herFirstName().type('Sarah');\ncontact.herLastName().should('be.visible');\ncontact.herLastName().clear();\ncontact.herLastName().type('Jane');\ncontact.email().should('be.visible');\ncontact.email().clear();\ncontact.email().type('o.md.abdullahalmamun@gmail.com');\ncontact.sendMessageButton().should('be.visible');\ncontact.sendMessageButton().click();\ncontact.successfulContactMessage().should('be.visible');\ncontact.successfulContactMessage().should('contain', 'Thanks for contacting us! We will be in touch with you shortly.');",
                  "err": {},
                  "uuid": "e6a26450-3bc5-4b75-9fb2-b936fce1ecba",
                  "parentUUID": "4c5ce3c1-0c5c-4f95-9077-5622c0a01cdf",
                  "isHook": false,
                  "skipped": false
                },
                {
                  "title": "Contact form should not be submitted successfully with invalid email",
                  "fullTitle": "Contact Page Contact Form Test Contact form should not be submitted successfully with invalid email",
                  "timedOut": null,
                  "duration": 3335,
                  "state": "passed",
                  "speed": "fast",
                  "pass": true,
                  "fail": false,
                  "pending": false,
                  "context": null,
                  "code": "contact.hisFirstName().should('be.visible');\ncontact.hisFirstName().clear();\ncontact.hisFirstName().type('John');\ncontact.hisLastName().should('be.visible');\ncontact.hisLastName().clear();\ncontact.hisLastName().type('Doe');\ncontact.herFirstName().should('be.visible');\ncontact.herFirstName().clear();\ncontact.herFirstName().type('Sarah');\ncontact.herLastName().should('be.visible');\ncontact.herLastName().clear();\ncontact.herLastName().type('Jane');\ncontact.email().should('be.visible');\ncontact.email().clear();\ncontact.email().type('wrongemail.com');\ncontact.sendMessageButton().should('be.visible');\ncontact.sendMessageButton().click();\ncontact.invalidEmailMessage().should('be.visible');\ncontact.invalidEmailMessage().should('contain', 'Please enter a valid email address.');",
                  "err": {},
                  "uuid": "7fed2006-de43-4e58-bd2b-ccfeb68ed818",
                  "parentUUID": "4c5ce3c1-0c5c-4f95-9077-5622c0a01cdf",
                  "isHook": false,
                  "skipped": false
                },
                {
                  "title": "Contact form should not be submitted successfully with empty email field",
                  "fullTitle": "Contact Page Contact Form Test Contact form should not be submitted successfully with empty email field",
                  "timedOut": null,
                  "duration": 2772,
                  "state": "passed",
                  "speed": "fast",
                  "pass": true,
                  "fail": false,
                  "pending": false,
                  "context": null,
                  "code": "contact.hisFirstName().should('be.visible');\ncontact.hisFirstName().clear();\ncontact.hisFirstName().type('John');\ncontact.hisLastName().should('be.visible');\ncontact.hisLastName().clear();\ncontact.hisLastName().type('Doe');\ncontact.herFirstName().should('be.visible');\ncontact.herFirstName().clear();\ncontact.herFirstName().type('Sarah');\ncontact.herLastName().should('be.visible');\ncontact.herLastName().clear();\ncontact.herLastName().type('Jane');\ncontact.sendMessageButton().click();\ncontact.emptyFieldMessage().should('be.visible');\ncontact.emptyFieldMessage().should('contain', 'This field is required.');",
                  "err": {},
                  "uuid": "e9faef3c-6bd7-49ea-b987-b09ae8f81dea",
                  "parentUUID": "4c5ce3c1-0c5c-4f95-9077-5622c0a01cdf",
                  "isHook": false,
                  "skipped": false
                }
              ],
              "suites": [],
              "passes": [
                "359ab944-aa03-4055-b2a4-6a9374c6f076",
                "e6a26450-3bc5-4b75-9fb2-b936fce1ecba",
                "7fed2006-de43-4e58-bd2b-ccfeb68ed818",
                "e9faef3c-6bd7-49ea-b987-b09ae8f81dea"
              ],
              "failures": [],
              "pending": [],
              "skipped": [],
              "duration": 10924,
              "root": false,
              "rootEmpty": false,
              "_timeout": 2000
            }
          ],
          "passes": [],
          "failures": [],
          "pending": [],
          "skipped": [],
          "duration": 0,
          "root": false,
          "rootEmpty": false,
          "_timeout": 2000
        }
      ],
      "passes": [],
      "failures": [],
      "pending": [],
      "skipped": [],
      "duration": 0,
      "root": true,
      "rootEmpty": true,
      "_timeout": 2000
    }
  ],
  "meta": {
    "mocha": {
      "version": "7.0.1"
    },
    "mochawesome": {
      "options": {
        "quiet": false,
        "reportFilename": "mochawesome",
        "saveHtml": false,
        "saveJson": true,
        "consoleReporter": "spec",
        "useInlineDiffs": false,
        "code": true
      },
      "version": "7.1.3"
    },
    "marge": {
      "options": {
        "id": "default",
        "reportDir": "cypress/results/mochawesome",
        "quite": true,
        "overwrite": false,
        "html": false,
        "json": true
      },
      "version": "6.2.0"
    }
  }
}