{
  "stats": {
    "suites": 3,
    "tests": 6,
    "passes": 6,
    "pending": 0,
    "failures": 0,
    "start": "2023-03-19T20:18:11.168Z",
    "end": "2023-03-19T20:18:28.085Z",
    "duration": 16917,
    "testsRegistered": 6,
    "passPercent": 100,
    "pendingPercent": 0,
    "other": 0,
    "hasOther": false,
    "skipped": 0,
    "hasSkipped": false
  },
  "results": [
    {
      "uuid": "04f48072-327c-40f2-ada2-907084eb53d5",
      "title": "",
      "fullFile": "cypress\\e2e\\02_login.spec.js",
      "file": "cypress\\e2e\\02_login.spec.js",
      "beforeHooks": [],
      "afterHooks": [],
      "tests": [],
      "suites": [
        {
          "uuid": "dc46c5e9-0e0c-49d5-a560-7f09cf94bde9",
          "title": "Login page test",
          "fullFile": "",
          "file": "",
          "beforeHooks": [],
          "afterHooks": [],
          "tests": [],
          "suites": [
            {
              "uuid": "1c914f46-8a1b-4192-a79c-5c5442104c2c",
              "title": "Url Test",
              "fullFile": "",
              "file": "",
              "beforeHooks": [],
              "afterHooks": [],
              "tests": [
                {
                  "title": "Verify URL of the login page",
                  "fullTitle": "Login page test Url Test Verify URL of the login page",
                  "timedOut": null,
                  "duration": 3077,
                  "state": "passed",
                  "speed": "fast",
                  "pass": true,
                  "fail": false,
                  "pending": false,
                  "context": null,
                  "code": "cy.url().should('include', 'login');",
                  "err": {},
                  "uuid": "990723cc-f300-461c-af36-faeb8f82c962",
                  "parentUUID": "1c914f46-8a1b-4192-a79c-5c5442104c2c",
                  "isHook": false,
                  "skipped": false
                }
              ],
              "suites": [],
              "passes": [
                "990723cc-f300-461c-af36-faeb8f82c962"
              ],
              "failures": [],
              "pending": [],
              "skipped": [],
              "duration": 3077,
              "root": false,
              "rootEmpty": false,
              "_timeout": 2000
            },
            {
              "uuid": "9b28ce22-8790-483e-b8e0-a5ebe469bfe7",
              "title": "Login Functionality Test",
              "fullFile": "",
              "file": "",
              "beforeHooks": [],
              "afterHooks": [],
              "tests": [
                {
                  "title": "Login function should be worked successfully with valid inputs",
                  "fullTitle": "Login page test Login Functionality Test Login function should be worked successfully with valid inputs",
                  "timedOut": null,
                  "duration": 3976,
                  "state": "passed",
                  "speed": "fast",
                  "pass": true,
                  "fail": false,
                  "pending": false,
                  "context": null,
                  "code": "login.email().should('be.visible');\nlogin.email().clear();\nlogin.email().type('o.md.abdullahalmamun@gmail.com');\nlogin.password().should('be.visible');\nlogin.password().clear();\nlogin.password().type('10.mamun.30');\nlogin.loginButton().should('be.visible');\nlogin.loginButton().click();\nlogin.successfulLoginMessage().should('be.visible');\nlogin.successfulLoginMessage().should('contain', 'Booking your wedding');",
                  "err": {},
                  "uuid": "c09712e0-edb6-464e-90a6-4f66a2b68296",
                  "parentUUID": "9b28ce22-8790-483e-b8e0-a5ebe469bfe7",
                  "isHook": false,
                  "skipped": false
                },
                {
                  "title": "Login function should not be worked successfully with incorrect inputs",
                  "fullTitle": "Login page test Login Functionality Test Login function should not be worked successfully with incorrect inputs",
                  "timedOut": null,
                  "duration": 2364,
                  "state": "passed",
                  "speed": "fast",
                  "pass": true,
                  "fail": false,
                  "pending": false,
                  "context": null,
                  "code": "login.email().should('be.visible');\nlogin.email().clear();\nlogin.email().type('o.md.abdullahalmamun@gmail.com');\nlogin.password().should('be.visible');\nlogin.password().clear();\nlogin.password().type('wrongpassword');\nlogin.loginButton().should('be.visible');\nlogin.loginButton().click();\nlogin.incorrectPasswordMessage().should('be.visible');\nlogin.incorrectPasswordMessage().should('contain', 'Error: The password you entered for the email address');",
                  "err": {},
                  "uuid": "ffd94279-e9d1-457b-8610-8e10850843b0",
                  "parentUUID": "9b28ce22-8790-483e-b8e0-a5ebe469bfe7",
                  "isHook": false,
                  "skipped": false
                },
                {
                  "title": "Login function should not be worked successfully with empty input fields",
                  "fullTitle": "Login page test Login Functionality Test Login function should not be worked successfully with empty input fields",
                  "timedOut": null,
                  "duration": 1637,
                  "state": "passed",
                  "speed": "fast",
                  "pass": true,
                  "fail": false,
                  "pending": false,
                  "context": null,
                  "code": "login.email().should('be.visible');\nlogin.email().clear();\nlogin.email().type('o.md.abdullahalmamun@gmail.com');\nlogin.loginButton().should('be.visible');\nlogin.loginButton().click();\nlogin.emptyPasswordFieldMessage().should('contain', 'Your password is required');",
                  "err": {},
                  "uuid": "f9fd5d30-f116-4cbb-b200-cfd351a45100",
                  "parentUUID": "9b28ce22-8790-483e-b8e0-a5ebe469bfe7",
                  "isHook": false,
                  "skipped": false
                },
                {
                  "title": "Lost password function should be worked successfully",
                  "fullTitle": "Login page test Login Functionality Test Lost password function should be worked successfully",
                  "timedOut": null,
                  "duration": 3588,
                  "state": "passed",
                  "speed": "fast",
                  "pass": true,
                  "fail": false,
                  "pending": false,
                  "context": null,
                  "code": "login.navigateToLostPassword();\nlogin.resetEmail().should('be.visible');\nlogin.resetEmail().clear();\nlogin.resetEmail().type('theytogether');\nlogin.getNewPassword().should('be.visible');\nlogin.getNewPassword().click();\nlogin.successfulResetMessage().should('be.visible');\nlogin.successfulResetMessage().should('contain', 'Check your email for the confirmation link');",
                  "err": {},
                  "uuid": "a1bd23fc-f15e-4e90-96c9-1df5e0772726",
                  "parentUUID": "9b28ce22-8790-483e-b8e0-a5ebe469bfe7",
                  "isHook": false,
                  "skipped": false
                },
                {
                  "title": "Lost password function should not be worked successfully with non existing account",
                  "fullTitle": "Login page test Login Functionality Test Lost password function should not be worked successfully with non existing account",
                  "timedOut": null,
                  "duration": 2141,
                  "state": "passed",
                  "speed": "fast",
                  "pass": true,
                  "fail": false,
                  "pending": false,
                  "context": null,
                  "code": "login.navigateToLostPassword();\nlogin.resetEmail().should('be.visible');\nlogin.resetEmail().clear();\nlogin.resetEmail().type('tester1@mailinator.com');\nlogin.getNewPassword().should('be.visible');\nlogin.getNewPassword().click();\nlogin.nonExistingAccountMessage().should('be.visible');\nlogin.nonExistingAccountMessage().should('contain', 'Error: There is no account with that username or email address.');",
                  "err": {},
                  "uuid": "38906ef9-863a-4aa8-aae9-fe71a680c3b8",
                  "parentUUID": "9b28ce22-8790-483e-b8e0-a5ebe469bfe7",
                  "isHook": false,
                  "skipped": false
                }
              ],
              "suites": [],
              "passes": [
                "c09712e0-edb6-464e-90a6-4f66a2b68296",
                "ffd94279-e9d1-457b-8610-8e10850843b0",
                "f9fd5d30-f116-4cbb-b200-cfd351a45100",
                "a1bd23fc-f15e-4e90-96c9-1df5e0772726",
                "38906ef9-863a-4aa8-aae9-fe71a680c3b8"
              ],
              "failures": [],
              "pending": [],
              "skipped": [],
              "duration": 13706,
              "root": false,
              "rootEmpty": false,
              "_timeout": 2000
            }
          ],
          "passes": [],
          "failures": [],
          "pending": [],
          "skipped": [],
          "duration": 0,
          "root": false,
          "rootEmpty": false,
          "_timeout": 2000
        }
      ],
      "passes": [],
      "failures": [],
      "pending": [],
      "skipped": [],
      "duration": 0,
      "root": true,
      "rootEmpty": true,
      "_timeout": 2000
    }
  ],
  "meta": {
    "mocha": {
      "version": "7.0.1"
    },
    "mochawesome": {
      "options": {
        "quiet": false,
        "reportFilename": "mochawesome",
        "saveHtml": false,
        "saveJson": true,
        "consoleReporter": "spec",
        "useInlineDiffs": false,
        "code": true
      },
      "version": "7.1.3"
    },
    "marge": {
      "options": {
        "id": "default",
        "reportDir": "cypress/results/mochawesome",
        "quite": true,
        "overwrite": false,
        "html": false,
        "json": true
      },
      "version": "6.2.0"
    }
  }
}