{
  "stats": {
    "suites": 3,
    "tests": 5,
    "passes": 5,
    "pending": 0,
    "failures": 0,
    "start": "2023-04-15T01:30:22.781Z",
    "end": "2023-04-15T01:30:42.764Z",
    "duration": 19983,
    "testsRegistered": 5,
    "passPercent": 100,
    "pendingPercent": 0,
    "other": 0,
    "hasOther": false,
    "skipped": 0,
    "hasSkipped": false
  },
  "results": [
    {
      "uuid": "4edaa097-091c-4d25-8530-fdb3cd7b4ee9",
      "title": "",
      "fullFile": "cypress\\e2e\\01_signup.spec.js",
      "file": "cypress\\e2e\\01_signup.spec.js",
      "beforeHooks": [],
      "afterHooks": [],
      "tests": [],
      "suites": [
        {
          "uuid": "068f039b-d01b-4512-87f6-6143d6a590d0",
          "title": "Sign Up page test",
          "fullFile": "",
          "file": "",
          "beforeHooks": [],
          "afterHooks": [],
          "tests": [],
          "suites": [
            {
              "uuid": "87880977-28a6-427e-a632-e95a582c9c6e",
              "title": "Url Test",
              "fullFile": "",
              "file": "",
              "beforeHooks": [],
              "afterHooks": [],
              "tests": [
                {
                  "title": "Verify URL of the sign up page",
                  "fullTitle": "Sign Up page test Url Test Verify URL of the sign up page",
                  "timedOut": null,
                  "duration": 2832,
                  "state": "passed",
                  "speed": "fast",
                  "pass": true,
                  "fail": false,
                  "pending": false,
                  "context": null,
                  "code": "cy.url().should('include', 'sign-up');",
                  "err": {},
                  "uuid": "9a03c4dd-ca1e-46f2-96bd-a8476bb1fd25",
                  "parentUUID": "87880977-28a6-427e-a632-e95a582c9c6e",
                  "isHook": false,
                  "skipped": false
                }
              ],
              "suites": [],
              "passes": [
                "9a03c4dd-ca1e-46f2-96bd-a8476bb1fd25"
              ],
              "failures": [],
              "pending": [],
              "skipped": [],
              "duration": 2832,
              "root": false,
              "rootEmpty": false,
              "_timeout": 2000
            },
            {
              "uuid": "91e4ab7b-37b6-43e6-b0d0-5c2a0d9b9c50",
              "title": "Sign up form Test",
              "fullFile": "",
              "file": "",
              "beforeHooks": [],
              "afterHooks": [],
              "tests": [
                {
                  "title": "Sign up function should be worked successfully with valid inputs",
                  "fullTitle": "Sign Up page test Sign up form Test Sign up function should be worked successfully with valid inputs",
                  "timedOut": null,
                  "duration": 4954,
                  "state": "passed",
                  "speed": "fast",
                  "pass": true,
                  "fail": false,
                  "pending": false,
                  "context": null,
                  "code": "signup.firstName().should('be.visible');\nsignup.firstName().clear();\nsignup.firstName().type('Tester2 First Name');\nsignup.lastName().should('be.visible');\nsignup.lastName().clear();\nsignup.lastName().type('Tester2 Last Name');\nsignup.userName().should('be.visible');\nsignup.userName().clear();\nsignup.userName().type('username123');\nsignup.email().should('be.visible');\nsignup.email().clear();\nsignup.email().type('tester1@mailinator.com');\nsignup.phone().should('be.visible');\nsignup.phone().clear();\nsignup.phone().type('07394032549');\nsignup.password().should('be.visible');\nsignup.password().clear();\nsignup.password().type('Tester1Password');\nsignup.street().should('be.visible');\nsignup.street().clear();\nsignup.street().type('Tester2 Street 101');\nsignup.city().should('be.visible');\nsignup.city().clear();\nsignup.city().type('Tester City');\nsignup.zip().should('be.visible');\nsignup.zip().clear();\nsignup.zip().type('TestLu1');\nsignup.registerButton().click();\n//signup.successfulRegistrationMessage().should('contain','Account registration successful. Please check your email inbox to activate your new account.');",
                  "err": {},
                  "uuid": "a3fa6e35-5752-489e-8bed-c2e2014f4f0c",
                  "parentUUID": "91e4ab7b-37b6-43e6-b0d0-5c2a0d9b9c50",
                  "isHook": false,
                  "skipped": false
                },
                {
                  "title": "Sign up function should not be worked successfully with existing email address",
                  "fullTitle": "Sign Up page test Sign up form Test Sign up function should not be worked successfully with existing email address",
                  "timedOut": null,
                  "duration": 6742,
                  "state": "passed",
                  "speed": "medium",
                  "pass": true,
                  "fail": false,
                  "pending": false,
                  "context": null,
                  "code": "signup.firstName().should('be.visible');\nsignup.firstName().clear();\nsignup.firstName().type('Tester2 First Name');\nsignup.lastName().should('be.visible');\nsignup.lastName().clear();\nsignup.lastName().type('Tester2 Last Name');\nsignup.userName().should('be.visible');\nsignup.userName().clear();\nsignup.userName().type('Tester2username');\nsignup.email().should('be.visible');\nsignup.email().clear();\nsignup.email().type('o.md.abdullahalmamun@gmail.com');\nsignup.phone().should('be.visible');\nsignup.phone().clear();\nsignup.phone().type('07394032549');\nsignup.password().should('be.visible');\nsignup.password().clear();\nsignup.password().type('TestPassword');\nsignup.street().should('be.visible');\nsignup.street().clear();\nsignup.street().type('Tester2 Street 102');\nsignup.city().should('be.visible');\nsignup.city().clear();\nsignup.city().type('Tester2 City');\nsignup.zip().should('be.visible');\nsignup.zip().clear();\nsignup.zip().type('TestLu2');\nsignup.registerButton().click();\nsignup.existingEmailMessage().should('contain', 'This email address is already registered.');",
                  "err": {},
                  "uuid": "35250fd3-5120-4653-82d4-7dc6188f6027",
                  "parentUUID": "91e4ab7b-37b6-43e6-b0d0-5c2a0d9b9c50",
                  "isHook": false,
                  "skipped": false
                },
                {
                  "title": "Sign up function should not be worked successfully with invalid email and phone",
                  "fullTitle": "Sign Up page test Sign up form Test Sign up function should not be worked successfully with invalid email and phone",
                  "timedOut": null,
                  "duration": 4079,
                  "state": "passed",
                  "speed": "fast",
                  "pass": true,
                  "fail": false,
                  "pending": false,
                  "context": null,
                  "code": "signup.firstName().should('be.visible');\nsignup.firstName().clear();\nsignup.firstName().type('invalid');\nsignup.lastName().should('be.visible');\nsignup.lastName().clear();\nsignup.lastName().type('invalid');\nsignup.userName().should('be.visible');\nsignup.userName().clear();\nsignup.userName().type('invalid');\nsignup.email().should('be.visible');\nsignup.email().clear();\nsignup.email().type('invalid');\nsignup.phone().should('be.visible');\nsignup.phone().clear();\nsignup.phone().type('invalid');\nsignup.password().should('be.visible');\nsignup.password().clear();\nsignup.password().type('invalid');\nsignup.street().should('be.visible');\nsignup.street().clear();\nsignup.street().type('invalid');\nsignup.city().should('be.visible');\nsignup.city().clear();\nsignup.city().type('invalid');\nsignup.zip().should('be.visible');\nsignup.zip().clear();\nsignup.zip().type('invalid');\nsignup.registerButton().click();",
                  "err": {},
                  "uuid": "c525b851-3ca9-4edd-b148-cb4c666f500b",
                  "parentUUID": "91e4ab7b-37b6-43e6-b0d0-5c2a0d9b9c50",
                  "isHook": false,
                  "skipped": false
                },
                {
                  "title": "Sign up function should not be worked successfully with empty input fields",
                  "fullTitle": "Sign Up page test Sign up form Test Sign up function should not be worked successfully with empty input fields",
                  "timedOut": null,
                  "duration": 1281,
                  "state": "passed",
                  "speed": "fast",
                  "pass": true,
                  "fail": false,
                  "pending": false,
                  "context": null,
                  "code": "signup.registerButton().click();\nsignup.emptyFieldmessage().should('be.visible');\nsignup.emptyFieldmessage().should('contain', 'This field is required. Please enter text.');",
                  "err": {},
                  "uuid": "3cbd43aa-8bff-45f9-8abd-e87b9c627668",
                  "parentUUID": "91e4ab7b-37b6-43e6-b0d0-5c2a0d9b9c50",
                  "isHook": false,
                  "skipped": false
                }
              ],
              "suites": [],
              "passes": [
                "a3fa6e35-5752-489e-8bed-c2e2014f4f0c",
                "35250fd3-5120-4653-82d4-7dc6188f6027",
                "c525b851-3ca9-4edd-b148-cb4c666f500b",
                "3cbd43aa-8bff-45f9-8abd-e87b9c627668"
              ],
              "failures": [],
              "pending": [],
              "skipped": [],
              "duration": 17056,
              "root": false,
              "rootEmpty": false,
              "_timeout": 2000
            }
          ],
          "passes": [],
          "failures": [],
          "pending": [],
          "skipped": [],
          "duration": 0,
          "root": false,
          "rootEmpty": false,
          "_timeout": 2000
        }
      ],
      "passes": [],
      "failures": [],
      "pending": [],
      "skipped": [],
      "duration": 0,
      "root": true,
      "rootEmpty": true,
      "_timeout": 2000
    }
  ],
  "meta": {
    "mocha": {
      "version": "7.0.1"
    },
    "mochawesome": {
      "options": {
        "quiet": false,
        "reportFilename": "mochawesome",
        "saveHtml": false,
        "saveJson": true,
        "consoleReporter": "spec",
        "useInlineDiffs": false,
        "code": true
      },
      "version": "7.1.3"
    },
    "marge": {
      "options": {
        "id": "default",
        "reportDir": "cypress/results/mochawesome",
        "quite": true,
        "overwrite": false,
        "html": false,
        "json": true
      },
      "version": "6.2.0"
    }
  }
}